<?xml version="1.0" encoding="UTF-8"?>
<testsuites name="CA_Suite_1" time="73" tests="3" failures="1" errors="0">
   <testsuite name="CA_Suite_1" tests="3" failures="1" errors="0" time="73" timestamp="2018-08-15 17:33:51" hostname="rodrigodavila - 192.168.1.100" id="Test Suites/CA_Suite_1">
      <properties>
         <property name="deviceName" value=""/>
         <property name="devicePlatform" value=""/>
         <property name="logFolder" value="/Users/rodrigodavila/Katalon Studio/TestProject1/Reports/CA_Suite_1/20180815_173348"/>
         <property name="logFiles" value="/Users/rodrigodavila/Katalon Studio/TestProject1/Reports/CA_Suite_1/20180815_173348/execution0.log"/>
         <property name="attachments" value="/Users/rodrigodavila/Katalon Studio/TestProject1/Reports/CA_Suite_1/20180815_173348/1534365294271.png"/>
         <property name="hostName" value="rodrigodavila - 192.168.1.100"/>
         <property name="os" value="Mac OS X 64bit"/>
         <property name="katalonVersion" value="5.6.0.1"/>
         <property name="browser" value="Chrome 68.0.3440.106"/>
         <property name="hostAddress" value="192.168.1.100"/>
         <property name="sessionId" value="0f20181a4f671ee75e83d10840d2b4ea"/>
         <property name="seleniumVersion" value="3.7.1"/>
         <property name="proxyInformation" value="ProxyInformation{proxyOption=NO_PROXY, proxyServerType=HTTP, password=, proxyServerAddress=, proxyServerPort=0}"/>
         <property name="platform" value="Mac OS X"/>
      </properties>
      <testcase name="Test Cases/CA_Test_1" classname="Test Cases/CA_Test_1" status="PASSED">
         <system-out><![CDATA[2018-08-15 17:33:51 - [TEST_CASE][PASSED] - Test Cases/CA_Test_1: Test Cases/CA_Test_1

2018-08-15 17:33:52 - [TEST_STEP][PASSED] - openBrowser: Browser is opened with url: ''

2018-08-15 17:33:56 - [MESSAGE][PASSED] - Browser is opened with url: ''

2018-08-15 17:33:56 - [TEST_STEP][PASSED] - navigateToUrl: Navigate to 'https://www.consumeraffairs.com/' successfully

2018-08-15 17:33:58 - [MESSAGE][PASSED] - Navigate to 'https://www.consumeraffairs.com/' successfully

2018-08-15 17:33:58 - [TEST_STEP][PASSED] - click: Object: 'Object Repository/Page_ConsumerAffairs.com Research./div_Dog Food' is clicked on

2018-08-15 17:34:00 - [MESSAGE][PASSED] - Object: 'Object Repository/Page_ConsumerAffairs.com Research./div_Dog Food' is clicked on

2018-08-15 17:34:00 - [TEST_STEP][PASSED] - verifyElementClickable: Object 'Object Repository/Page_Best Dog Food  ConsumerAffairs/a_Visit Website' is clickable

2018-08-15 17:34:01 - [MESSAGE][PASSED] - Object 'Object Repository/Page_Best Dog Food  ConsumerAffairs/a_Visit Website' is clickable

2018-08-15 17:34:01 - [TEST_STEP][PASSED] - click: Object: 'Object Repository/Page_Best Dog Food  ConsumerAffairs/a_Visit Website' is clicked on

2018-08-15 17:34:01 - [MESSAGE][PASSED] - Object: 'Object Repository/Page_Best Dog Food  ConsumerAffairs/a_Visit Website' is clicked on]]></system-out>
         <system-err><![CDATA[]]></system-err>
      </testcase>
      <testcase name="Test Cases/CA_Test_2" classname="Test Cases/CA_Test_2" status="PASSED">
         <system-out><![CDATA[2018-08-15 17:34:01 - [TEST_CASE][PASSED] - Test Cases/CA_Test_2: Test Cases/CA_Test_2

2018-08-15 17:34:01 - [TEST_STEP][PASSED] - openBrowser: Browser is opened with url: ''

2018-08-15 17:34:01 - [MESSAGE][WARNING] - A browser is already opened. Closing browser and opening a new one

2018-08-15 17:34:03 - [MESSAGE][PASSED] - Browser is opened with url: ''

2018-08-15 17:34:03 - [TEST_STEP][PASSED] - navigateToUrl: Navigate to 'https://www.consumeraffairs.com/' successfully

2018-08-15 17:34:05 - [MESSAGE][PASSED] - Navigate to 'https://www.consumeraffairs.com/' successfully

2018-08-15 17:34:05 - [TEST_STEP][PASSED] - click: Object: 'Object Repository/Page_ConsumerAffairs.com Research./a_View our buyers guides' is clicked on

2018-08-15 17:34:06 - [MESSAGE][PASSED] - Object: 'Object Repository/Page_ConsumerAffairs.com Research./a_View our buyers guides' is clicked on

2018-08-15 17:34:06 - [TEST_STEP][PASSED] - click: Object: 'Object Repository/Page_Resources by Topic - ConsumerA/a_TravelSpend less time planni' is clicked on

2018-08-15 17:34:06 - [MESSAGE][PASSED] - Object: 'Object Repository/Page_Resources by Topic - ConsumerA/a_TravelSpend less time planni' is clicked on

2018-08-15 17:34:06 - [TEST_STEP][PASSED] - verifyElementClickable: Object 'Object Repository/Page_Resources by Topic - ConsumerA/a_Travel Sites' is clickable

2018-08-15 17:34:06 - [MESSAGE][PASSED] - Object 'Object Repository/Page_Resources by Topic - ConsumerA/a_Travel Sites' is clickable

2018-08-15 17:34:06 - [TEST_STEP][PASSED] - click: Object: 'Object Repository/Page_Resources by Topic - ConsumerA/a_Travel Sites' is clicked on

2018-08-15 17:34:08 - [MESSAGE][PASSED] - Object: 'Object Repository/Page_Resources by Topic - ConsumerA/a_Travel Sites' is clicked on]]></system-out>
         <system-err><![CDATA[]]></system-err>
      </testcase>
      <testcase name="Test Cases/CA_Test_3" classname="Test Cases/CA_Test_3" status="FAILED">
         <failure type="FAILED" message="Unable to click on object 'Object Repository/Page_ConsumerAffairs.com Research./a_LOG IN' (Root cause: com.kms.katalon.core.webui.exception.WebElementNotFoundException: Web element with id: 'Object Repository/Page_ConsumerAffairs.com Research./a_LOG IN' located by 'By.xpath: //*[(text() = 'LOG IN' or . = 'LOG IN')]' not found)"/>
         <system-out><![CDATA[2018-08-15 17:34:08 - [TEST_CASE][FAILED] - Test Cases/CA_Test_3: Test Cases/CA_Test_3 FAILED because (of) Unable to click on object 'Object Repository/Page_ConsumerAffairs.com Research./a_LOG IN' (Root cause: com.kms.katalon.core.webui.exception.WebElementNotFoundException: Web element with id: 'Object Repository/Page_ConsumerAffairs.com Research./a_LOG IN' located by 'By.xpath: //*[(text() = 'LOG IN' or . = 'LOG IN')]' not found)

2018-08-15 17:34:09 - [TEST_STEP][PASSED] - openBrowser: Browser is opened with url: ''

2018-08-15 17:34:09 - [MESSAGE][WARNING] - A browser is already opened. Closing browser and opening a new one

2018-08-15 17:34:10 - [MESSAGE][PASSED] - Browser is opened with url: ''

2018-08-15 17:34:10 - [TEST_STEP][PASSED] - navigateToUrl: Navigate to 'https://www.consumeraffairs.com/' successfully

2018-08-15 17:34:12 - [MESSAGE][PASSED] - Navigate to 'https://www.consumeraffairs.com/' successfully

2018-08-15 17:34:12 - [TEST_STEP][PASSED] - click: Object: 'Object Repository/Page_ConsumerAffairs.com Research./a_Buyers Guides' is clicked on

2018-08-15 17:34:13 - [MESSAGE][PASSED] - Object: 'Object Repository/Page_ConsumerAffairs.com Research./a_Buyers Guides' is clicked on

2018-08-15 17:34:13 - [TEST_STEP][PASSED] - click: Object: 'Object Repository/Page_ConsumerAffairs.com Research./a_News' is clicked on

2018-08-15 17:34:15 - [MESSAGE][PASSED] - Object: 'Object Repository/Page_ConsumerAffairs.com Research./a_News' is clicked on

2018-08-15 17:34:15 - [TEST_STEP][FAILED] - click: Unable to click on object 'Object Repository/Page_ConsumerAffairs.com Research./a_LOG IN' (Root cause: com.kms.katalon.core.webui.exception.WebElementNotFoundException: Web element with id: 'Object Repository/Page_ConsumerAffairs.com Research./a_LOG IN' located by 'By.xpath: //*[(text() = 'LOG IN' or . = 'LOG IN')]' not found)

2018-08-15 17:34:54 - [MESSAGE][FAILED] - Unable to click on object 'Object Repository/Page_ConsumerAffairs.com Research./a_LOG IN' (Root cause: com.kms.katalon.core.webui.exception.WebElementNotFoundException: Web element with id: 'Object Repository/Page_ConsumerAffairs.com Research./a_LOG IN' located by 'By.xpath: //*[(text() = 'LOG IN' or . = 'LOG IN')]' not found)
[[ATTACHMENT|/Users/rodrigodavila/Katalon Studio/TestProject1/Reports/CA_Suite_1/20180815_173348/1534365294271.png]]]]></system-out>
         <system-err><![CDATA[2018-08-15 17:34:08 - [TEST_CASE][FAILED] - Test Cases/CA_Test_3: Test Cases/CA_Test_3 FAILED because (of) Unable to click on object 'Object Repository/Page_ConsumerAffairs.com Research./a_LOG IN' (Root cause: com.kms.katalon.core.webui.exception.WebElementNotFoundException: Web element with id: 'Object Repository/Page_ConsumerAffairs.com Research./a_LOG IN' located by 'By.xpath: //*[(text() = 'LOG IN' or . = 'LOG IN')]' not found)]]></system-err>
      </testcase>
      <testcase name="Test Cases/CA_Test_4" classname="Test Cases/CA_Test_4" status="PASSED">
         <system-out><![CDATA[2018-08-15 17:34:54 - [TEST_CASE][PASSED] - Test Cases/CA_Test_4: Test Cases/CA_Test_4

2018-08-15 17:34:54 - [TEST_STEP][PASSED] - openBrowser: Browser is opened with url: ''

2018-08-15 17:34:54 - [MESSAGE][WARNING] - A browser is already opened. Closing browser and opening a new one

2018-08-15 17:34:56 - [MESSAGE][PASSED] - Browser is opened with url: ''

2018-08-15 17:34:56 - [TEST_STEP][PASSED] - navigateToUrl: Navigate to 'https://www.consumeraffairs.com/' successfully

2018-08-15 17:34:58 - [MESSAGE][PASSED] - Navigate to 'https://www.consumeraffairs.com/' successfully

2018-08-15 17:34:58 - [TEST_STEP][PASSED] - click: Object: 'Object Repository/Page_ConsumerAffairs.com Research./a_News' is clicked on

2018-08-15 17:35:00 - [MESSAGE][PASSED] - Object: 'Object Repository/Page_ConsumerAffairs.com Research./a_News' is clicked on

2018-08-15 17:35:00 - [TEST_STEP][PASSED] - click: Object: 'Object Repository/Page_Consumer News/a_Buyers Guides' is clicked on

2018-08-15 17:35:01 - [MESSAGE][PASSED] - Object: 'Object Repository/Page_Consumer News/a_Buyers Guides' is clicked on

2018-08-15 17:35:01 - [TEST_STEP][PASSED] - click: Object: 'Object Repository/Page_Resources by Topic - ConsumerA/button_Write a review' is clicked on

2018-08-15 17:35:02 - [MESSAGE][PASSED] - Object: 'Object Repository/Page_Resources by Topic - ConsumerA/button_Write a review' is clicked on

2018-08-15 17:35:02 - [TEST_STEP][PASSED] - click: Object: 'Object Repository/Page_Write a Review/header_Menu Consumer NewsBuyer' is clicked on

2018-08-15 17:35:02 - [MESSAGE][PASSED] - Object: 'Object Repository/Page_Write a Review/header_Menu Consumer NewsBuyer' is clicked on

2018-08-15 17:35:02 - [TEST_STEP][PASSED] - click: Object: 'Object Repository/Page_Write a Review/a_Log in' is clicked on

2018-08-15 17:35:04 - [MESSAGE][PASSED] - Object: 'Object Repository/Page_Write a Review/a_Log in' is clicked on]]></system-out>
         <system-err><![CDATA[]]></system-err>
      </testcase>
      <system-out><![CDATA[2018-08-15 17:33:51 - [TEST_SUITE][FAILED] - CA_Suite_1: Test Cases/CA_Test_3 FAILED because (of) Unable to click on object 'Object Repository/Page_ConsumerAffairs.com Research./a_LOG IN' (Root cause: com.kms.katalon.core.webui.exception.WebElementNotFoundException: Web element with id: 'Object Repository/Page_ConsumerAffairs.com Research./a_LOG IN' located by 'By.xpath: //*[(text() = 'LOG IN' or . = 'LOG IN')]' not found)]]></system-out>
      <system-err><![CDATA[2018-08-15 17:33:51 - [TEST_SUITE][FAILED] - CA_Suite_1: Test Cases/CA_Test_3 FAILED because (of) Unable to click on object 'Object Repository/Page_ConsumerAffairs.com Research./a_LOG IN' (Root cause: com.kms.katalon.core.webui.exception.WebElementNotFoundException: Web element with id: 'Object Repository/Page_ConsumerAffairs.com Research./a_LOG IN' located by 'By.xpath: //*[(text() = 'LOG IN' or . = 'LOG IN')]' not found)]]></system-err>
   </testsuite>
</testsuites>
