<?xml version="1.0" encoding="UTF-8"?>
<testsuites name="CA_Suite_1" time="114" tests="2" failures="4" errors="0">
   <testsuite name="CA_Suite_1" tests="2" failures="4" errors="0" time="114" timestamp="2018-08-21 14:07:07" hostname="rodrigodavila - 192.168.1.70" id="Test Suites/CA_Suite_1">
      <properties>
         <property name="deviceName" value=""/>
         <property name="devicePlatform" value=""/>
         <property name="logFolder" value="/Users/rodrigodavila/Katalon Studio/TestProject1/Reports/CA_Suite_1/20180821_140705"/>
         <property name="logFiles" value="/Users/rodrigodavila/Katalon Studio/TestProject1/Reports/CA_Suite_1/20180821_140705/execution0.log"/>
         <property name="attachments" value="/Users/rodrigodavila/Katalon Studio/TestProject1/Reports/CA_Suite_1/20180821_140705/1534871279618.png, /Users/rodrigodavila/Katalon Studio/TestProject1/Reports/CA_Suite_1/20180821_140705/1534871330028.png, /Users/rodrigodavila/Katalon Studio/TestProject1/Reports/CA_Suite_1/20180821_140705/1534871335239.png, /Users/rodrigodavila/Katalon Studio/TestProject1/Reports/CA_Suite_1/20180821_140705/1534871341338.png"/>
         <property name="hostName" value="rodrigodavila - 192.168.1.70"/>
         <property name="os" value="Mac OS X 64bit"/>
         <property name="katalonVersion" value="5.6.0.1"/>
         <property name="browser" value="Chrome 68.0.3440.106"/>
         <property name="hostAddress" value="192.168.1.70"/>
         <property name="sessionId" value="a51a5e44176f0f12909ec42d9f47c339"/>
         <property name="seleniumVersion" value="3.7.1"/>
         <property name="proxyInformation" value="ProxyInformation{proxyOption=MANUAL_CONFIG, proxyServerType=HTTP, password=, proxyServerAddress=localhost, proxyServerPort=8888}"/>
         <property name="platform" value="Mac OS X"/>
      </properties>
      <testcase name="Test Cases/CA_Test_1" classname="Test Cases/CA_Test_1" status="PASSED">
         <system-out><![CDATA[2018-08-21 14:07:08 - [TEST_CASE][PASSED] - Test Cases/CA_Test_1: Test Cases/CA_Test_1

2018-08-21 14:07:09 - [TEST_STEP][PASSED] - openBrowser: Browser is opened with url: ''

2018-08-21 14:07:12 - [MESSAGE][PASSED] - Browser is opened with url: ''

2018-08-21 14:07:12 - [TEST_STEP][PASSED] - navigateToUrl: Navigate to 'https://www.consumeraffairs.com/' successfully

2018-08-21 14:07:34 - [MESSAGE][PASSED] - Navigate to 'https://www.consumeraffairs.com/' successfully

2018-08-21 14:07:34 - [TEST_STEP][PASSED] - click: Object: 'Object Repository/Page_ConsumerAffairs.com Research./div_Dog Food' is clicked on

2018-08-21 14:07:38 - [MESSAGE][PASSED] - Object: 'Object Repository/Page_ConsumerAffairs.com Research./div_Dog Food' is clicked on

2018-08-21 14:07:38 - [TEST_STEP][PASSED] - verifyElementClickable: Object 'Object Repository/Page_Best Dog Food  ConsumerAffairs/a_Visit Website' is clickable

2018-08-21 14:07:38 - [MESSAGE][PASSED] - Object 'Object Repository/Page_Best Dog Food  ConsumerAffairs/a_Visit Website' is clickable

2018-08-21 14:07:38 - [TEST_STEP][PASSED] - click: Object: 'Object Repository/Page_Best Dog Food  ConsumerAffairs/a_Visit Website' is clicked on

2018-08-21 14:07:38 - [MESSAGE][PASSED] - Object: 'Object Repository/Page_Best Dog Food  ConsumerAffairs/a_Visit Website' is clicked on]]></system-out>
         <system-err><![CDATA[]]></system-err>
      </testcase>
      <testcase name="Test Cases/CA_Test_2" classname="Test Cases/CA_Test_2" status="PASSED">
         <system-out><![CDATA[2018-08-21 14:07:38 - [TEST_CASE][PASSED] - Test Cases/CA_Test_2: Test Cases/CA_Test_2

2018-08-21 14:07:39 - [TEST_STEP][PASSED] - openBrowser: Browser is opened with url: ''

2018-08-21 14:07:39 - [MESSAGE][WARNING] - A browser is already opened. Closing browser and opening a new one

2018-08-21 14:07:41 - [MESSAGE][PASSED] - Browser is opened with url: ''

2018-08-21 14:07:41 - [TEST_STEP][PASSED] - navigateToUrl: Navigate to 'https://www.consumeraffairs.com/' successfully

2018-08-21 14:07:46 - [MESSAGE][PASSED] - Navigate to 'https://www.consumeraffairs.com/' successfully

2018-08-21 14:07:46 - [TEST_STEP][PASSED] - click: Object: 'Object Repository/Page_ConsumerAffairs.com Research./a_View our buyers guides' is clicked on

2018-08-21 14:07:49 - [MESSAGE][PASSED] - Object: 'Object Repository/Page_ConsumerAffairs.com Research./a_View our buyers guides' is clicked on

2018-08-21 14:07:49 - [TEST_STEP][PASSED] - click: Object: 'Object Repository/Page_Resources by Topic - ConsumerA/a_TravelSpend less time planni' is clicked on

2018-08-21 14:07:50 - [MESSAGE][PASSED] - Object: 'Object Repository/Page_Resources by Topic - ConsumerA/a_TravelSpend less time planni' is clicked on

2018-08-21 14:07:50 - [TEST_STEP][PASSED] - verifyElementClickable: Object 'Object Repository/Page_Resources by Topic - ConsumerA/a_Travel Sites' is clickable

2018-08-21 14:07:50 - [MESSAGE][PASSED] - Object 'Object Repository/Page_Resources by Topic - ConsumerA/a_Travel Sites' is clickable

2018-08-21 14:07:50 - [TEST_STEP][PASSED] - click: Object: 'Object Repository/Page_Resources by Topic - ConsumerA/a_Travel Sites' is clicked on

2018-08-21 14:07:54 - [MESSAGE][PASSED] - Object: 'Object Repository/Page_Resources by Topic - ConsumerA/a_Travel Sites' is clicked on]]></system-out>
         <system-err><![CDATA[]]></system-err>
      </testcase>
      <testcase name="Test Cases/CA_Test_3" classname="Test Cases/CA_Test_3" status="FAILED">
         <failure type="FAILED" message="Unable to click on object (Root cause: java.lang.IllegalArgumentException: Object is null)"/>
         <system-out><![CDATA[2018-08-21 14:07:54 - [TEST_CASE][FAILED] - Test Cases/CA_Test_3: Test Cases/CA_Test_3 FAILED because (of) Unable to click on object (Root cause: java.lang.IllegalArgumentException: Object is null)

2018-08-21 14:07:55 - [TEST_STEP][PASSED] - openBrowser: Browser is opened with url: ''

2018-08-21 14:07:55 - [MESSAGE][WARNING] - A browser is already opened. Closing browser and opening a new one

2018-08-21 14:07:56 - [MESSAGE][PASSED] - Browser is opened with url: ''

2018-08-21 14:07:56 - [TEST_STEP][PASSED] - navigateToUrl: Navigate to 'https://www.consumeraffairs.com/' successfully

2018-08-21 14:07:59 - [MESSAGE][PASSED] - Navigate to 'https://www.consumeraffairs.com/' successfully

2018-08-21 14:07:59 - [TEST_STEP][FAILED] - click: Unable to click on object (Root cause: java.lang.IllegalArgumentException: Object is null)

2018-08-21 14:07:59 - [MESSAGE][WARNING] - Test object with id 'Object Repository/Page_ConsumerAffairs.com Research. /a_LOG IN' does not exist

2018-08-21 14:07:59 - [MESSAGE][WARNING] - Test object with id 'Object Repository/' does not exist

2018-08-21 14:08:00 - [MESSAGE][FAILED] - Unable to click on object (Root cause: java.lang.IllegalArgumentException: Object is null)
[[ATTACHMENT|/Users/rodrigodavila/Katalon Studio/TestProject1/Reports/CA_Suite_1/20180821_140705/1534871279618.png]]]]></system-out>
         <system-err><![CDATA[2018-08-21 14:07:54 - [TEST_CASE][FAILED] - Test Cases/CA_Test_3: Test Cases/CA_Test_3 FAILED because (of) Unable to click on object (Root cause: java.lang.IllegalArgumentException: Object is null)]]></system-err>
      </testcase>
      <testcase name="Test Cases/CA_Test_4" classname="Test Cases/CA_Test_4" status="FAILED">
         <failure type="FAILED" message="Unable to click on object 'Object Repository/Page_Write a Review/header_Menu Consumer NewsBuyer' (Root cause: com.kms.katalon.core.webui.exception.WebElementNotFoundException: Web element with id: 'Object Repository/Page_Write a Review/header_Menu Consumer NewsBuyer' located by 'By.xpath: //header[(text() = '
            Menu Consumer NewsBuyers GuidesWrite a reviewSearch
    

    
    Log in

    
        ' or . = '
            Menu Consumer NewsBuyers GuidesWrite a reviewSearch
    

    
    Log in

    
        ')]' not found)"/>
         <system-out><![CDATA[2018-08-21 14:08:00 - [TEST_CASE][FAILED] - Test Cases/CA_Test_4: Test Cases/CA_Test_4 FAILED because (of) Unable to click on object 'Object Repository/Page_Write a Review/header_Menu Consumer NewsBuyer' (Root cause: com.kms.katalon.core.webui.exception.WebElementNotFoundException: Web element with id: 'Object Repository/Page_Write a Review/header_Menu Consumer NewsBuyer' located by 'By.xpath: //header[(text() = '
            Menu Consumer NewsBuyers GuidesWrite a reviewSearch
    

    
    Log in

    
        ' or . = '
            Menu Consumer NewsBuyers GuidesWrite a reviewSearch
    

    
    Log in

    
        ')]' not found)

2018-08-21 14:08:00 - [TEST_STEP][PASSED] - openBrowser: Browser is opened with url: ''

2018-08-21 14:08:00 - [MESSAGE][WARNING] - A browser is already opened. Closing browser and opening a new one

2018-08-21 14:08:01 - [MESSAGE][PASSED] - Browser is opened with url: ''

2018-08-21 14:08:01 - [TEST_STEP][PASSED] - navigateToUrl: Navigate to 'https://www.consumeraffairs.com/' successfully

2018-08-21 14:08:05 - [MESSAGE][PASSED] - Navigate to 'https://www.consumeraffairs.com/' successfully

2018-08-21 14:08:05 - [TEST_STEP][PASSED] - click: Object: 'Object Repository/Page_ConsumerAffairs.com Research./a_News' is clicked on

2018-08-21 14:08:11 - [MESSAGE][PASSED] - Object: 'Object Repository/Page_ConsumerAffairs.com Research./a_News' is clicked on

2018-08-21 14:08:11 - [TEST_STEP][PASSED] - click: Object: 'Object Repository/Page_Consumer News/a_Buyers Guides' is clicked on

2018-08-21 14:08:14 - [MESSAGE][PASSED] - Object: 'Object Repository/Page_Consumer News/a_Buyers Guides' is clicked on

2018-08-21 14:08:14 - [TEST_STEP][PASSED] - click: Object: 'Object Repository/Page_Resources by Topic - ConsumerA/button_Write a review' is clicked on

2018-08-21 14:08:18 - [MESSAGE][PASSED] - Object: 'Object Repository/Page_Resources by Topic - ConsumerA/button_Write a review' is clicked on

2018-08-21 14:08:18 - [TEST_STEP][FAILED] - click: Unable to click on object 'Object Repository/Page_Write a Review/header_Menu Consumer NewsBuyer' (Root cause: com.kms.katalon.core.webui.exception.WebElementNotFoundException: Web element with id: 'Object Repository/Page_Write a Review/header_Menu Consumer NewsBuyer' located by 'By.xpath: //header[(text() = '
            Menu Consumer NewsBuyers GuidesWrite a reviewSearch
    

    
    Log in

    
        ' or . = '
            Menu Consumer NewsBuyers GuidesWrite a reviewSearch
    

    
    Log in

    
        ')]' not found)

2018-08-21 14:08:50 - [MESSAGE][FAILED] - Unable to click on object 'Object Repository/Page_Write a Review/header_Menu Consumer NewsBuyer' (Root cause: com.kms.katalon.core.webui.exception.WebElementNotFoundException: Web element with id: 'Object Repository/Page_Write a Review/header_Menu Consumer NewsBuyer' located by 'By.xpath: //header[(text() = '
            Menu Consumer NewsBuyers GuidesWrite a reviewSearch
    

    
    Log in

    
        ' or . = '
            Menu Consumer NewsBuyers GuidesWrite a reviewSearch
    

    
    Log in

    
        ')]' not found)
[[ATTACHMENT|/Users/rodrigodavila/Katalon Studio/TestProject1/Reports/CA_Suite_1/20180821_140705/1534871330028.png]]]]></system-out>
         <system-err><![CDATA[2018-08-21 14:08:00 - [TEST_CASE][FAILED] - Test Cases/CA_Test_4: Test Cases/CA_Test_4 FAILED because (of) Unable to click on object 'Object Repository/Page_Write a Review/header_Menu Consumer NewsBuyer' (Root cause: com.kms.katalon.core.webui.exception.WebElementNotFoundException: Web element with id: 'Object Repository/Page_Write a Review/header_Menu Consumer NewsBuyer' located by 'By.xpath: //header[(text() = '
            Menu Consumer NewsBuyers GuidesWrite a reviewSearch
    

    
    Log in

    
        ' or . = '
            Menu Consumer NewsBuyers GuidesWrite a reviewSearch
    

    
    Log in

    
        ')]' not found)]]></system-err>
      </testcase>
      <testcase name="Test Cases/CA_Test_5" classname="Test Cases/CA_Test_5" status="FAILED">
         <failure type="FAILED" message="Unable to set text (Root cause: java.lang.IllegalArgumentException: Object is null)"/>
         <system-out><![CDATA[2018-08-21 14:08:50 - [TEST_CASE][FAILED] - Test Cases/CA_Test_5: Test Cases/CA_Test_5 FAILED because (of) Unable to set text (Root cause: java.lang.IllegalArgumentException: Object is null)

2018-08-21 14:08:50 - [TEST_STEP][PASSED] - openBrowser: Browser is opened with url: ''

2018-08-21 14:08:50 - [MESSAGE][WARNING] - A browser is already opened. Closing browser and opening a new one

2018-08-21 14:08:51 - [MESSAGE][PASSED] - Browser is opened with url: ''

2018-08-21 14:08:51 - [TEST_STEP][PASSED] - navigateToUrl: Navigate to 'https://www.consumeraffairs.com/' successfully

2018-08-21 14:08:55 - [MESSAGE][PASSED] - Navigate to 'https://www.consumeraffairs.com/' successfully

2018-08-21 14:08:55 - [TEST_STEP][FAILED] - setText: Unable to set text (Root cause: java.lang.IllegalArgumentException: Object is null)

2018-08-21 14:08:55 - [MESSAGE][WARNING] - Test object with id 'Object Repository/Page_ConsumerAffairs.com Research. /input_q' does not exist

2018-08-21 14:08:55 - [MESSAGE][WARNING] - Test object with id 'Object Repository/' does not exist

2018-08-21 14:08:56 - [MESSAGE][FAILED] - Unable to set text (Root cause: java.lang.IllegalArgumentException: Object is null)
[[ATTACHMENT|/Users/rodrigodavila/Katalon Studio/TestProject1/Reports/CA_Suite_1/20180821_140705/1534871335239.png]]]]></system-out>
         <system-err><![CDATA[2018-08-21 14:08:50 - [TEST_CASE][FAILED] - Test Cases/CA_Test_5: Test Cases/CA_Test_5 FAILED because (of) Unable to set text (Root cause: java.lang.IllegalArgumentException: Object is null)]]></system-err>
      </testcase>
      <testcase name="Test Cases/CA_Test_6" classname="Test Cases/CA_Test_6" status="FAILED">
         <failure type="FAILED" message="Unable to click on object (Root cause: java.lang.IllegalArgumentException: Object is null)"/>
         <system-out><![CDATA[2018-08-21 14:08:56 - [TEST_CASE][FAILED] - Test Cases/CA_Test_6: Test Cases/CA_Test_6 FAILED because (of) Unable to click on object (Root cause: java.lang.IllegalArgumentException: Object is null)

2018-08-21 14:08:56 - [TEST_STEP][PASSED] - openBrowser: Browser is opened with url: ''

2018-08-21 14:08:56 - [MESSAGE][WARNING] - A browser is already opened. Closing browser and opening a new one

2018-08-21 14:08:57 - [MESSAGE][PASSED] - Browser is opened with url: ''

2018-08-21 14:08:57 - [TEST_STEP][PASSED] - navigateToUrl: Navigate to 'https://www.consumeraffairs.com/' successfully

2018-08-21 14:09:01 - [MESSAGE][PASSED] - Navigate to 'https://www.consumeraffairs.com/' successfully

2018-08-21 14:09:01 - [TEST_STEP][FAILED] - click: Unable to click on object (Root cause: java.lang.IllegalArgumentException: Object is null)

2018-08-21 14:09:01 - [MESSAGE][WARNING] - Test object id is null

2018-08-21 14:09:01 - [MESSAGE][WARNING] - Test object with id 'Object Repository/' does not exist

2018-08-21 14:09:01 - [MESSAGE][FAILED] - Unable to click on object (Root cause: java.lang.IllegalArgumentException: Object is null)
[[ATTACHMENT|/Users/rodrigodavila/Katalon Studio/TestProject1/Reports/CA_Suite_1/20180821_140705/1534871341338.png]]]]></system-out>
         <system-err><![CDATA[2018-08-21 14:08:56 - [TEST_CASE][FAILED] - Test Cases/CA_Test_6: Test Cases/CA_Test_6 FAILED because (of) Unable to click on object (Root cause: java.lang.IllegalArgumentException: Object is null)]]></system-err>
      </testcase>
      <system-out><![CDATA[2018-08-21 14:07:07 - [TEST_SUITE][FAILED] - CA_Suite_1: Test Cases/CA_Test_3 FAILED because (of) Unable to click on object (Root cause: java.lang.IllegalArgumentException: Object is null)]]></system-out>
      <system-err><![CDATA[2018-08-21 14:07:07 - [TEST_SUITE][FAILED] - CA_Suite_1: Test Cases/CA_Test_3 FAILED because (of) Unable to click on object (Root cause: java.lang.IllegalArgumentException: Object is null)]]></system-err>
   </testsuite>
</testsuites>
