<?xml version="1.0" encoding="UTF-8"?>
<testsuites name="CA_Suite_1" time="38" tests="3" failures="1" errors="0">
   <testsuite name="CA_Suite_1" tests="3" failures="1" errors="0" time="38" timestamp="2018-08-23 18:14:37" hostname="rodrigodavila - 192.168.1.78" id="Test Suites/CA_Suite_1">
      <properties>
         <property name="deviceName" value=""/>
         <property name="devicePlatform" value=""/>
         <property name="logFolder" value="/Users/rodrigodavila/Katalon Studio/TestProject1/Reports/CA_Suite_1/20180823_181431"/>
         <property name="logFiles" value="/Users/rodrigodavila/Katalon Studio/TestProject1/Reports/CA_Suite_1/20180823_181431/execution0.log"/>
         <property name="attachments" value="/Users/rodrigodavila/Katalon Studio/TestProject1/Reports/CA_Suite_1/20180823_181431/1535058915463.png"/>
         <property name="hostName" value="rodrigodavila - 192.168.1.78"/>
         <property name="os" value="Mac OS X 64bit"/>
         <property name="katalonVersion" value="5.6.0.1"/>
         <property name="browser" value="Chrome 68.0.3440.106"/>
         <property name="hostAddress" value="192.168.1.78"/>
         <property name="sessionId" value="03c3f5b23f65941bccbbc39ba620d76a"/>
         <property name="seleniumVersion" value="3.7.1"/>
         <property name="proxyInformation" value="ProxyInformation{proxyOption=NO_PROXY, proxyServerType=HTTP, password=, proxyServerAddress=, proxyServerPort=0}"/>
         <property name="platform" value="Mac OS X"/>
      </properties>
      <testcase name="Test Cases/CA_Test_1" classname="Test Cases/CA_Test_1" status="PASSED">
         <system-out><![CDATA[2018-08-23 18:14:38 - [TEST_CASE][PASSED] - Test Cases/CA_Test_1: Test Cases/CA_Test_1

2018-08-23 18:14:38 - [TEST_STEP][PASSED] - openBrowser: Browser is opened with url: ''

2018-08-23 18:14:43 - [MESSAGE][PASSED] - Browser is opened with url: ''

2018-08-23 18:14:43 - [TEST_STEP][PASSED] - navigateToUrl: Navigate to 'https://www.consumeraffairs.com/' successfully

2018-08-23 18:14:46 - [MESSAGE][PASSED] - Navigate to 'https://www.consumeraffairs.com/' successfully

2018-08-23 18:14:46 - [TEST_STEP][PASSED] - click: Object: 'Object Repository/Page_ConsumerAffairs.com Research./div_Dog Food' is clicked on

2018-08-23 18:14:48 - [MESSAGE][PASSED] - Object: 'Object Repository/Page_ConsumerAffairs.com Research./div_Dog Food' is clicked on

2018-08-23 18:14:48 - [TEST_STEP][PASSED] - verifyElementClickable: Object 'Object Repository/Page_Best Dog Food  ConsumerAffairs/a_Visit Website' is clickable

2018-08-23 18:14:49 - [MESSAGE][PASSED] - Object 'Object Repository/Page_Best Dog Food  ConsumerAffairs/a_Visit Website' is clickable

2018-08-23 18:14:49 - [TEST_STEP][PASSED] - click: Object: 'Object Repository/Page_Best Dog Food  ConsumerAffairs/a_Visit Website' is clicked on

2018-08-23 18:14:49 - [MESSAGE][PASSED] - Object: 'Object Repository/Page_Best Dog Food  ConsumerAffairs/a_Visit Website' is clicked on]]></system-out>
         <system-err><![CDATA[]]></system-err>
      </testcase>
      <testcase name="Test Cases/CA_Test_2" classname="Test Cases/CA_Test_2" status="PASSED">
         <system-out><![CDATA[2018-08-23 18:14:49 - [TEST_CASE][PASSED] - Test Cases/CA_Test_2: Test Cases/CA_Test_2

2018-08-23 18:14:49 - [TEST_STEP][PASSED] - openBrowser: Browser is opened with url: ''

2018-08-23 18:14:49 - [MESSAGE][WARNING] - A browser is already opened. Closing browser and opening a new one

2018-08-23 18:14:51 - [MESSAGE][PASSED] - Browser is opened with url: ''

2018-08-23 18:14:51 - [TEST_STEP][PASSED] - navigateToUrl: Navigate to 'https://www.consumeraffairs.com/' successfully

2018-08-23 18:14:53 - [MESSAGE][PASSED] - Navigate to 'https://www.consumeraffairs.com/' successfully

2018-08-23 18:14:53 - [TEST_STEP][PASSED] - click: Object: 'Object Repository/Page_ConsumerAffairs.com Research./a_View our buyers guides' is clicked on

2018-08-23 18:14:54 - [MESSAGE][PASSED] - Object: 'Object Repository/Page_ConsumerAffairs.com Research./a_View our buyers guides' is clicked on

2018-08-23 18:14:54 - [TEST_STEP][PASSED] - click: Object: 'Object Repository/Page_Resources by Topic - ConsumerA/a_TravelSpend less time planni' is clicked on

2018-08-23 18:14:55 - [MESSAGE][PASSED] - Object: 'Object Repository/Page_Resources by Topic - ConsumerA/a_TravelSpend less time planni' is clicked on

2018-08-23 18:14:55 - [TEST_STEP][PASSED] - verifyElementClickable: Object 'Object Repository/Page_Resources by Topic - ConsumerA/a_Travel Sites' is clickable

2018-08-23 18:14:55 - [MESSAGE][PASSED] - Object 'Object Repository/Page_Resources by Topic - ConsumerA/a_Travel Sites' is clickable

2018-08-23 18:14:55 - [TEST_STEP][PASSED] - click: Object: 'Object Repository/Page_Resources by Topic - ConsumerA/a_Travel Sites' is clicked on

2018-08-23 18:14:57 - [MESSAGE][PASSED] - Object: 'Object Repository/Page_Resources by Topic - ConsumerA/a_Travel Sites' is clicked on]]></system-out>
         <system-err><![CDATA[]]></system-err>
      </testcase>
      <testcase name="Test Cases/CA_Test_3" classname="Test Cases/CA_Test_3" status="PASSED">
         <system-out><![CDATA[2018-08-23 18:14:57 - [TEST_CASE][PASSED] - Test Cases/CA_Test_3: Test Cases/CA_Test_3

2018-08-23 18:14:57 - [TEST_STEP][PASSED] - openBrowser: Browser is opened with url: ''

2018-08-23 18:14:57 - [MESSAGE][WARNING] - A browser is already opened. Closing browser and opening a new one

2018-08-23 18:14:59 - [MESSAGE][PASSED] - Browser is opened with url: ''

2018-08-23 18:14:59 - [TEST_STEP][PASSED] - navigateToUrl: Navigate to 'https://www.consumeraffairs.com/' successfully

2018-08-23 18:15:01 - [MESSAGE][PASSED] - Navigate to 'https://www.consumeraffairs.com/' successfully

2018-08-23 18:15:01 - [TEST_STEP][PASSED] - click: Object: 'Object Repository/Page_ConsumerAffairs.com Research./Log_in' is clicked on

2018-08-23 18:15:04 - [MESSAGE][PASSED] - Object: 'Object Repository/Page_ConsumerAffairs.com Research./Log_in' is clicked on]]></system-out>
         <system-err><![CDATA[]]></system-err>
      </testcase>
      <testcase name="Test Cases/VideoReview/Written_review_ Existing acc - unverified" classname="Test Cases/VideoReview/Written_review_ Existing acc - unverified" status="FAILED">
         <failure type="FAILED" message="Unable to click on object 'Object Repository/Page_Submit a Review/button_Continue' (Root cause: org.openqa.selenium.WebDriverException: unknown error: Element &lt;button type=&quot;submit&quot; id=&quot;submit_review&quot; class=&quot;ca-btn five-review__submit js-submit&quot; onclick=&quot;validateCaptcha(event)&quot;>...&lt;/button> is not clickable at point (592, 836). Other element would receive the click: &lt;iframe title=&quot;Desafío de reCAPTCHA&quot; src=&quot;https://www.google.com/recaptcha/api2/bframe?hl=es-419&amp;amp;v=v1534806847586&amp;amp;k=6LdTKiUUAAAAALIOFPJrWXWOnkCn_Cgtra15wPzx&amp;amp;cb=qy6jcv14tkft&quot; name=&quot;c-txn89i7w8jiy&quot; frameborder=&quot;0&quot; scrolling=&quot;no&quot; sandbox=&quot;allow-forms allow-popups allow-same-origin allow-scripts allow-top-navigation allow-modals allow-popups-to-escape-sandbox&quot; style=&quot;width: 400px; height: 580px;&quot;>&lt;/iframe>
  (Session info: chrome=68.0.3440.106)
  (Driver info: chromedriver=2.35.528157 (4429ca2590d6988c0745c24c8858745aaaec01ef),platform=Mac OS X 10.13.6 x86_64) (WARNING: The server did not provide any stacktrace information)
Command duration or timeout: 0 milliseconds
Build info: version: '3.7.1', revision: '8a0099a', time: '2017-11-06T21:07:36.161Z'
System info: host: 'MacBook-Pro-de-Rodrigo.local', ip: 'fe80:0:0:0:8a3:7a98:20b1:78ae%en0', os.name: 'Mac OS X', os.arch: 'x86_64', os.version: '10.13.6', java.version: '1.8.0_181'
Driver info: com.kms.katalon.selenium.driver.CChromeDriver
Capabilities {acceptInsecureCerts: false, acceptSslCerts: false, applicationCacheEnabled: false, browserConnectionEnabled: false, browserName: chrome, chrome: {chromedriverVersion: 2.35.528157 (4429ca2590d698..., userDataDir: /var/folders/c4/sk2v9nzx6k5...}, cssSelectorsEnabled: true, databaseEnabled: false, handlesAlerts: true, hasTouchScreen: false, javascriptEnabled: true, locationContextEnabled: true, mobileEmulationEnabled: false, nativeEvents: true, networkConnectionEnabled: false, pageLoadStrategy: normal, platform: MAC, platformName: MAC, rotatable: false, setWindowRect: true, takesHeapSnapshot: true, takesScreenshot: true, unexpectedAlertBehaviour: , unhandledPromptBehavior: , version: 68.0.3440.106, webStorageEnabled: true}
Session ID: 03c3f5b23f65941bccbbc39ba620d76a)"/>
         <system-out><![CDATA[2018-08-23 18:15:04 - [TEST_CASE][FAILED] - Test Cases/VideoReview/Written_review_ Existing acc - unverified: Test Cases/VideoReview/Written_review_ Existing acc - unverified FAILED because (of) Unable to click on object 'Object Repository/Page_Submit a Review/button_Continue' (Root cause: org.openqa.selenium.WebDriverException: unknown error: Element <button type="submit" id="submit_review" class="ca-btn five-review__submit js-submit" onclick="validateCaptcha(event)">...</button> is not clickable at point (592, 836). Other element would receive the click: <iframe title="Desafío de reCAPTCHA" src="https://www.google.com/recaptcha/api2/bframe?hl=es-419&amp;v=v1534806847586&amp;k=6LdTKiUUAAAAALIOFPJrWXWOnkCn_Cgtra15wPzx&amp;cb=qy6jcv14tkft" name="c-txn89i7w8jiy" frameborder="0" scrolling="no" sandbox="allow-forms allow-popups allow-same-origin allow-scripts allow-top-navigation allow-modals allow-popups-to-escape-sandbox" style="width: 400px; height: 580px;"></iframe>
  (Session info: chrome=68.0.3440.106)
  (Driver info: chromedriver=2.35.528157 (4429ca2590d6988c0745c24c8858745aaaec01ef),platform=Mac OS X 10.13.6 x86_64) (WARNING: The server did not provide any stacktrace information)
Command duration or timeout: 0 milliseconds
Build info: version: '3.7.1', revision: '8a0099a', time: '2017-11-06T21:07:36.161Z'
System info: host: 'MacBook-Pro-de-Rodrigo.local', ip: 'fe80:0:0:0:8a3:7a98:20b1:78ae%en0', os.name: 'Mac OS X', os.arch: 'x86_64', os.version: '10.13.6', java.version: '1.8.0_181'
Driver info: com.kms.katalon.selenium.driver.CChromeDriver
Capabilities {acceptInsecureCerts: false, acceptSslCerts: false, applicationCacheEnabled: false, browserConnectionEnabled: false, browserName: chrome, chrome: {chromedriverVersion: 2.35.528157 (4429ca2590d698..., userDataDir: /var/folders/c4/sk2v9nzx6k5...}, cssSelectorsEnabled: true, databaseEnabled: false, handlesAlerts: true, hasTouchScreen: false, javascriptEnabled: true, locationContextEnabled: true, mobileEmulationEnabled: false, nativeEvents: true, networkConnectionEnabled: false, pageLoadStrategy: normal, platform: MAC, platformName: MAC, rotatable: false, setWindowRect: true, takesHeapSnapshot: true, takesScreenshot: true, unexpectedAlertBehaviour: , unhandledPromptBehavior: , version: 68.0.3440.106, webStorageEnabled: true}
Session ID: 03c3f5b23f65941bccbbc39ba620d76a)

2018-08-23 18:15:04 - [TEST_STEP][PASSED] - openBrowser: Browser is opened with url: ''

2018-08-23 18:15:04 - [MESSAGE][WARNING] - A browser is already opened. Closing browser and opening a new one

2018-08-23 18:15:05 - [MESSAGE][PASSED] - Browser is opened with url: ''

2018-08-23 18:15:05 - [TEST_STEP][PASSED] - navigateToUrl: Navigate to 'https://staging.consumeraffairs.com/' successfully

2018-08-23 18:15:07 - [MESSAGE][PASSED] - Navigate to 'https://staging.consumeraffairs.com/' successfully

2018-08-23 18:15:07 - [TEST_STEP][PASSED] - click: Object: 'Object Repository/Page_ConsumerAffairs.com Research./btn_write_review' is clicked on

2018-08-23 18:15:08 - [MESSAGE][PASSED] - Object: 'Object Repository/Page_ConsumerAffairs.com Research./btn_write_review' is clicked on

2018-08-23 18:15:08 - [TEST_STEP][PASSED] - click: Object: 'Object Repository/Page_Write a Review/a_Write areview' is clicked on

2018-08-23 18:15:10 - [MESSAGE][PASSED] - Object: 'Object Repository/Page_Write a Review/a_Write areview' is clicked on

2018-08-23 18:15:10 - [TEST_STEP][PASSED] - click: Object: 'Object Repository/Page_Submit a Review/what_company_are_you' is clicked on

2018-08-23 18:15:10 - [MESSAGE][PASSED] - Object: 'Object Repository/Page_Submit a Review/what_company_are_you' is clicked on

2018-08-23 18:15:10 - [TEST_STEP][PASSED] - setText: Text 'Frontpoint' is set on object 'Object Repository/Page_Submit a Review/what_company_are_you'

2018-08-23 18:15:11 - [MESSAGE][PASSED] - Text 'Frontpoint' is set on object 'Object Repository/Page_Submit a Review/what_company_are_you'

2018-08-23 18:15:11 - [TEST_STEP][NOT_RUN] - selectOptionByValue: NOT_RUN: selectOptionByValue

2018-08-23 18:15:11 - [MESSAGE][NOT_RUN] - NOT_RUN: selectOptionByValue

2018-08-23 18:15:11 - [TEST_STEP][PASSED] - setText: Text 'test department' is set on object 'Object Repository/Page_Submit a Review/input_product_contact'

2018-08-23 18:15:11 - [MESSAGE][PASSED] - Text 'test department' is set on object 'Object Repository/Page_Submit a Review/input_product_contact'

2018-08-23 18:15:11 - [TEST_STEP][PASSED] - click: Object: 'Object Repository/Page_Submit a Review/Rate_star' is clicked on

2018-08-23 18:15:11 - [MESSAGE][PASSED] - Object: 'Object Repository/Page_Submit a Review/Rate_star' is clicked on

2018-08-23 18:15:11 - [TEST_STEP][PASSED] - click: Object: 'Object Repository/Page_Submit a Review/Summarize_your_exp' is clicked on

2018-08-23 18:15:11 - [MESSAGE][PASSED] - Object: 'Object Repository/Page_Submit a Review/Summarize_your_exp' is clicked on

2018-08-23 18:15:11 - [TEST_STEP][PASSED] - setText: Text 'Test review title' is set on object 'Object Repository/Page_Submit a Review/Summarize_your_exp'

2018-08-23 18:15:12 - [MESSAGE][PASSED] - Text 'Test review title' is set on object 'Object Repository/Page_Submit a Review/Summarize_your_exp'

2018-08-23 18:15:12 - [TEST_STEP][PASSED] - click: Object: 'Object Repository/Page_Submit a Review/Please_provide_detail' is clicked on

2018-08-23 18:15:12 - [MESSAGE][PASSED] - Object: 'Object Repository/Page_Submit a Review/Please_provide_detail' is clicked on

2018-08-23 18:15:12 - [TEST_STEP][PASSED] - setText: Text 'Test review Test review Test review Test review Test review Test review Test review Test review Test review Test review Test review Test review Test review Test review Test review Test review Test review Test review Test review Test review Test review Test review Test review Test review Test review ' is set on object 'Object Repository/Page_Submit a Review/Please_provide_detail'

2018-08-23 18:15:15 - [MESSAGE][PASSED] - Text 'Test review Test review Test review Test review Test review Test review Test review Test review Test review Test review Test review Test review Test review Test review Test review Test review Test review Test review Test review Test review Test review Test review Test review Test review Test review ' is set on object 'Object Repository/Page_Submit a Review/Please_provide_detail'

2018-08-23 18:15:15 - [TEST_STEP][PASSED] - click: Object: 'Object Repository/Page_Submit a Review/Terms_of_use_reviews' is clicked on

2018-08-23 18:15:15 - [MESSAGE][PASSED] - Object: 'Object Repository/Page_Submit a Review/Terms_of_use_reviews' is clicked on

2018-08-23 18:15:15 - [TEST_STEP][PASSED] - click: Object: 'Object Repository/Page_Submit a Review/button_Continue' is clicked on

2018-08-23 18:15:15 - [MESSAGE][PASSED] - Object: 'Object Repository/Page_Submit a Review/button_Continue' is clicked on

2018-08-23 18:15:15 - [TEST_STEP][PASSED] - waitForPageLoad: Wait for page load successfully

2018-08-23 18:15:15 - [MESSAGE][PASSED] - Wait for page load successfully

2018-08-23 18:15:15 - [TEST_STEP][FAILED] - click: Unable to click on object 'Object Repository/Page_Submit a Review/button_Continue' (Root cause: org.openqa.selenium.WebDriverException: unknown error: Element <button type="submit" id="submit_review" class="ca-btn five-review__submit js-submit" onclick="validateCaptcha(event)">...</button> is not clickable at point (592, 836). Other element would receive the click: <iframe title="Desafío de reCAPTCHA" src="https://www.google.com/recaptcha/api2/bframe?hl=es-419&amp;v=v1534806847586&amp;k=6LdTKiUUAAAAALIOFPJrWXWOnkCn_Cgtra15wPzx&amp;cb=qy6jcv14tkft" name="c-txn89i7w8jiy" frameborder="0" scrolling="no" sandbox="allow-forms allow-popups allow-same-origin allow-scripts allow-top-navigation allow-modals allow-popups-to-escape-sandbox" style="width: 400px; height: 580px;"></iframe>
  (Session info: chrome=68.0.3440.106)
  (Driver info: chromedriver=2.35.528157 (4429ca2590d6988c0745c24c8858745aaaec01ef),platform=Mac OS X 10.13.6 x86_64) (WARNING: The server did not provide any stacktrace information)
Command duration or timeout: 0 milliseconds
Build info: version: '3.7.1', revision: '8a0099a', time: '2017-11-06T21:07:36.161Z'
System info: host: 'MacBook-Pro-de-Rodrigo.local', ip: 'fe80:0:0:0:8a3:7a98:20b1:78ae%en0', os.name: 'Mac OS X', os.arch: 'x86_64', os.version: '10.13.6', java.version: '1.8.0_181'
Driver info: com.kms.katalon.selenium.driver.CChromeDriver
Capabilities {acceptInsecureCerts: false, acceptSslCerts: false, applicationCacheEnabled: false, browserConnectionEnabled: false, browserName: chrome, chrome: {chromedriverVersion: 2.35.528157 (4429ca2590d698..., userDataDir: /var/folders/c4/sk2v9nzx6k5...}, cssSelectorsEnabled: true, databaseEnabled: false, handlesAlerts: true, hasTouchScreen: false, javascriptEnabled: true, locationContextEnabled: true, mobileEmulationEnabled: false, nativeEvents: true, networkConnectionEnabled: false, pageLoadStrategy: normal, platform: MAC, platformName: MAC, rotatable: false, setWindowRect: true, takesHeapSnapshot: true, takesScreenshot: true, unexpectedAlertBehaviour: , unhandledPromptBehavior: , version: 68.0.3440.106, webStorageEnabled: true}
Session ID: 03c3f5b23f65941bccbbc39ba620d76a)

2018-08-23 18:15:16 - [MESSAGE][FAILED] - Unable to click on object 'Object Repository/Page_Submit a Review/button_Continue' (Root cause: org.openqa.selenium.WebDriverException: unknown error: Element <button type="submit" id="submit_review" class="ca-btn five-review__submit js-submit" onclick="validateCaptcha(event)">...</button> is not clickable at point (592, 836). Other element would receive the click: <iframe title="Desafío de reCAPTCHA" src="https://www.google.com/recaptcha/api2/bframe?hl=es-419&amp;v=v1534806847586&amp;k=6LdTKiUUAAAAALIOFPJrWXWOnkCn_Cgtra15wPzx&amp;cb=qy6jcv14tkft" name="c-txn89i7w8jiy" frameborder="0" scrolling="no" sandbox="allow-forms allow-popups allow-same-origin allow-scripts allow-top-navigation allow-modals allow-popups-to-escape-sandbox" style="width: 400px; height: 580px;"></iframe>
  (Session info: chrome=68.0.3440.106)
  (Driver info: chromedriver=2.35.528157 (4429ca2590d6988c0745c24c8858745aaaec01ef),platform=Mac OS X 10.13.6 x86_64) (WARNING: The server did not provide any stacktrace information)
Command duration or timeout: 0 milliseconds
Build info: version: '3.7.1', revision: '8a0099a', time: '2017-11-06T21:07:36.161Z'
System info: host: 'MacBook-Pro-de-Rodrigo.local', ip: 'fe80:0:0:0:8a3:7a98:20b1:78ae%en0', os.name: 'Mac OS X', os.arch: 'x86_64', os.version: '10.13.6', java.version: '1.8.0_181'
Driver info: com.kms.katalon.selenium.driver.CChromeDriver
Capabilities {acceptInsecureCerts: false, acceptSslCerts: false, applicationCacheEnabled: false, browserConnectionEnabled: false, browserName: chrome, chrome: {chromedriverVersion: 2.35.528157 (4429ca2590d698..., userDataDir: /var/folders/c4/sk2v9nzx6k5...}, cssSelectorsEnabled: true, databaseEnabled: false, handlesAlerts: true, hasTouchScreen: false, javascriptEnabled: true, locationContextEnabled: true, mobileEmulationEnabled: false, nativeEvents: true, networkConnectionEnabled: false, pageLoadStrategy: normal, platform: MAC, platformName: MAC, rotatable: false, setWindowRect: true, takesHeapSnapshot: true, takesScreenshot: true, unexpectedAlertBehaviour: , unhandledPromptBehavior: , version: 68.0.3440.106, webStorageEnabled: true}
Session ID: 03c3f5b23f65941bccbbc39ba620d76a)
[[ATTACHMENT|/Users/rodrigodavila/Katalon Studio/TestProject1/Reports/CA_Suite_1/20180823_181431/1535058915463.png]]]]></system-out>
         <system-err><![CDATA[2018-08-23 18:15:04 - [TEST_CASE][FAILED] - Test Cases/VideoReview/Written_review_ Existing acc - unverified: Test Cases/VideoReview/Written_review_ Existing acc - unverified FAILED because (of) Unable to click on object 'Object Repository/Page_Submit a Review/button_Continue' (Root cause: org.openqa.selenium.WebDriverException: unknown error: Element <button type="submit" id="submit_review" class="ca-btn five-review__submit js-submit" onclick="validateCaptcha(event)">...</button> is not clickable at point (592, 836). Other element would receive the click: <iframe title="Desafío de reCAPTCHA" src="https://www.google.com/recaptcha/api2/bframe?hl=es-419&amp;v=v1534806847586&amp;k=6LdTKiUUAAAAALIOFPJrWXWOnkCn_Cgtra15wPzx&amp;cb=qy6jcv14tkft" name="c-txn89i7w8jiy" frameborder="0" scrolling="no" sandbox="allow-forms allow-popups allow-same-origin allow-scripts allow-top-navigation allow-modals allow-popups-to-escape-sandbox" style="width: 400px; height: 580px;"></iframe>
  (Session info: chrome=68.0.3440.106)
  (Driver info: chromedriver=2.35.528157 (4429ca2590d6988c0745c24c8858745aaaec01ef),platform=Mac OS X 10.13.6 x86_64) (WARNING: The server did not provide any stacktrace information)
Command duration or timeout: 0 milliseconds
Build info: version: '3.7.1', revision: '8a0099a', time: '2017-11-06T21:07:36.161Z'
System info: host: 'MacBook-Pro-de-Rodrigo.local', ip: 'fe80:0:0:0:8a3:7a98:20b1:78ae%en0', os.name: 'Mac OS X', os.arch: 'x86_64', os.version: '10.13.6', java.version: '1.8.0_181'
Driver info: com.kms.katalon.selenium.driver.CChromeDriver
Capabilities {acceptInsecureCerts: false, acceptSslCerts: false, applicationCacheEnabled: false, browserConnectionEnabled: false, browserName: chrome, chrome: {chromedriverVersion: 2.35.528157 (4429ca2590d698..., userDataDir: /var/folders/c4/sk2v9nzx6k5...}, cssSelectorsEnabled: true, databaseEnabled: false, handlesAlerts: true, hasTouchScreen: false, javascriptEnabled: true, locationContextEnabled: true, mobileEmulationEnabled: false, nativeEvents: true, networkConnectionEnabled: false, pageLoadStrategy: normal, platform: MAC, platformName: MAC, rotatable: false, setWindowRect: true, takesHeapSnapshot: true, takesScreenshot: true, unexpectedAlertBehaviour: , unhandledPromptBehavior: , version: 68.0.3440.106, webStorageEnabled: true}
Session ID: 03c3f5b23f65941bccbbc39ba620d76a)]]></system-err>
      </testcase>
      <system-out><![CDATA[2018-08-23 18:14:37 - [TEST_SUITE][FAILED] - CA_Suite_1: Test Cases/VideoReview/Written_review_ Existing acc - unverified FAILED because (of) Unable to click on object 'Object Repository/Page_Submit a Review/button_Continue' (Root cause: org.openqa.selenium.WebDriverException: unknown error: Element <button type="submit" id="submit_review" class="ca-btn five-review__submit js-submit" onclick="validateCaptcha(event)">...</button> is not clickable at point (592, 836). Other element would receive the click: <iframe title="Desafío de reCAPTCHA" src="https://www.google.com/recaptcha/api2/bframe?hl=es-419&amp;v=v1534806847586&amp;k=6LdTKiUUAAAAALIOFPJrWXWOnkCn_Cgtra15wPzx&amp;cb=qy6jcv14tkft" name="c-txn89i7w8jiy" frameborder="0" scrolling="no" sandbox="allow-forms allow-popups allow-same-origin allow-scripts allow-top-navigation allow-modals allow-popups-to-escape-sandbox" style="width: 400px; height: 580px;"></iframe>
  (Session info: chrome=68.0.3440.106)
  (Driver info: chromedriver=2.35.528157 (4429ca2590d6988c0745c24c8858745aaaec01ef),platform=Mac OS X 10.13.6 x86_64) (WARNING: The server did not provide any stacktrace information)
Command duration or timeout: 0 milliseconds
Build info: version: '3.7.1', revision: '8a0099a', time: '2017-11-06T21:07:36.161Z'
System info: host: 'MacBook-Pro-de-Rodrigo.local', ip: 'fe80:0:0:0:8a3:7a98:20b1:78ae%en0', os.name: 'Mac OS X', os.arch: 'x86_64', os.version: '10.13.6', java.version: '1.8.0_181'
Driver info: com.kms.katalon.selenium.driver.CChromeDriver
Capabilities {acceptInsecureCerts: false, acceptSslCerts: false, applicationCacheEnabled: false, browserConnectionEnabled: false, browserName: chrome, chrome: {chromedriverVersion: 2.35.528157 (4429ca2590d698..., userDataDir: /var/folders/c4/sk2v9nzx6k5...}, cssSelectorsEnabled: true, databaseEnabled: false, handlesAlerts: true, hasTouchScreen: false, javascriptEnabled: true, locationContextEnabled: true, mobileEmulationEnabled: false, nativeEvents: true, networkConnectionEnabled: false, pageLoadStrategy: normal, platform: MAC, platformName: MAC, rotatable: false, setWindowRect: true, takesHeapSnapshot: true, takesScreenshot: true, unexpectedAlertBehaviour: , unhandledPromptBehavior: , version: 68.0.3440.106, webStorageEnabled: true}
Session ID: 03c3f5b23f65941bccbbc39ba620d76a)]]></system-out>
      <system-err><![CDATA[2018-08-23 18:14:37 - [TEST_SUITE][FAILED] - CA_Suite_1: Test Cases/VideoReview/Written_review_ Existing acc - unverified FAILED because (of) Unable to click on object 'Object Repository/Page_Submit a Review/button_Continue' (Root cause: org.openqa.selenium.WebDriverException: unknown error: Element <button type="submit" id="submit_review" class="ca-btn five-review__submit js-submit" onclick="validateCaptcha(event)">...</button> is not clickable at point (592, 836). Other element would receive the click: <iframe title="Desafío de reCAPTCHA" src="https://www.google.com/recaptcha/api2/bframe?hl=es-419&amp;v=v1534806847586&amp;k=6LdTKiUUAAAAALIOFPJrWXWOnkCn_Cgtra15wPzx&amp;cb=qy6jcv14tkft" name="c-txn89i7w8jiy" frameborder="0" scrolling="no" sandbox="allow-forms allow-popups allow-same-origin allow-scripts allow-top-navigation allow-modals allow-popups-to-escape-sandbox" style="width: 400px; height: 580px;"></iframe>
  (Session info: chrome=68.0.3440.106)
  (Driver info: chromedriver=2.35.528157 (4429ca2590d6988c0745c24c8858745aaaec01ef),platform=Mac OS X 10.13.6 x86_64) (WARNING: The server did not provide any stacktrace information)
Command duration or timeout: 0 milliseconds
Build info: version: '3.7.1', revision: '8a0099a', time: '2017-11-06T21:07:36.161Z'
System info: host: 'MacBook-Pro-de-Rodrigo.local', ip: 'fe80:0:0:0:8a3:7a98:20b1:78ae%en0', os.name: 'Mac OS X', os.arch: 'x86_64', os.version: '10.13.6', java.version: '1.8.0_181'
Driver info: com.kms.katalon.selenium.driver.CChromeDriver
Capabilities {acceptInsecureCerts: false, acceptSslCerts: false, applicationCacheEnabled: false, browserConnectionEnabled: false, browserName: chrome, chrome: {chromedriverVersion: 2.35.528157 (4429ca2590d698..., userDataDir: /var/folders/c4/sk2v9nzx6k5...}, cssSelectorsEnabled: true, databaseEnabled: false, handlesAlerts: true, hasTouchScreen: false, javascriptEnabled: true, locationContextEnabled: true, mobileEmulationEnabled: false, nativeEvents: true, networkConnectionEnabled: false, pageLoadStrategy: normal, platform: MAC, platformName: MAC, rotatable: false, setWindowRect: true, takesHeapSnapshot: true, takesScreenshot: true, unexpectedAlertBehaviour: , unhandledPromptBehavior: , version: 68.0.3440.106, webStorageEnabled: true}
Session ID: 03c3f5b23f65941bccbbc39ba620d76a)]]></system-err>
   </testsuite>
</testsuites>
