<?xml version="1.0" encoding="UTF-8"?>
<testsuites name="CA_Suite_1" time="93" tests="5" failures="1" errors="0">
   <testsuite name="CA_Suite_1" tests="5" failures="1" errors="0" time="93" timestamp="2018-08-21 17:27:45" hostname="rodrigodavila - 192.168.1.70" id="Test Suites/CA_Suite_1">
      <properties>
         <property name="deviceName" value=""/>
         <property name="devicePlatform" value=""/>
         <property name="logFolder" value="/Users/rodrigodavila/Katalon Studio/TestProject1/Reports/CA_Suite_1/20180821_172739"/>
         <property name="logFiles" value="/Users/rodrigodavila/Katalon Studio/TestProject1/Reports/CA_Suite_1/20180821_172739/execution0.log"/>
         <property name="attachments" value="/Users/rodrigodavila/Katalon Studio/TestProject1/Reports/CA_Suite_1/20180821_172739/1534883301985.png"/>
         <property name="hostName" value="rodrigodavila - 192.168.1.70"/>
         <property name="os" value="Mac OS X 64bit"/>
         <property name="katalonVersion" value="5.6.0.1"/>
         <property name="browser" value="Chrome 68.0.3440.106"/>
         <property name="hostAddress" value="192.168.1.70"/>
         <property name="sessionId" value="4ca1a7f2392773b53fe1332089034c75"/>
         <property name="seleniumVersion" value="3.7.1"/>
         <property name="proxyInformation" value="ProxyInformation{proxyOption=NO_PROXY, proxyServerType=HTTP, password=, proxyServerAddress=, proxyServerPort=0}"/>
         <property name="platform" value="Mac OS X"/>
      </properties>
      <testcase name="Test Cases/CA_Test_1" classname="Test Cases/CA_Test_1" status="PASSED">
         <system-out><![CDATA[2018-08-21 17:27:47 - [TEST_CASE][PASSED] - Test Cases/CA_Test_1: Test Cases/CA_Test_1

2018-08-21 17:27:48 - [TEST_STEP][PASSED] - openBrowser: Browser is opened with url: ''

2018-08-21 17:27:55 - [MESSAGE][PASSED] - Browser is opened with url: ''

2018-08-21 17:27:55 - [TEST_STEP][PASSED] - navigateToUrl: Navigate to 'https://www.consumeraffairs.com/' successfully

2018-08-21 17:28:02 - [MESSAGE][PASSED] - Navigate to 'https://www.consumeraffairs.com/' successfully

2018-08-21 17:28:02 - [TEST_STEP][PASSED] - click: Object: 'Object Repository/Page_ConsumerAffairs.com Research./div_Dog Food' is clicked on

2018-08-21 17:28:07 - [MESSAGE][PASSED] - Object: 'Object Repository/Page_ConsumerAffairs.com Research./div_Dog Food' is clicked on

2018-08-21 17:28:07 - [TEST_STEP][PASSED] - verifyElementClickable: Object 'Object Repository/Page_Best Dog Food  ConsumerAffairs/a_Visit Website' is clickable

2018-08-21 17:28:08 - [MESSAGE][PASSED] - Object 'Object Repository/Page_Best Dog Food  ConsumerAffairs/a_Visit Website' is clickable

2018-08-21 17:28:08 - [TEST_STEP][PASSED] - click: Object: 'Object Repository/Page_Best Dog Food  ConsumerAffairs/a_Visit Website' is clicked on

2018-08-21 17:28:09 - [MESSAGE][PASSED] - Object: 'Object Repository/Page_Best Dog Food  ConsumerAffairs/a_Visit Website' is clicked on]]></system-out>
         <system-err><![CDATA[]]></system-err>
      </testcase>
      <testcase name="Test Cases/CA_Test_2" classname="Test Cases/CA_Test_2" status="FAILED">
         <failure type="FAILED" message="Unable to click on object 'Object Repository/Page_Resources by Topic - ConsumerA/a_Travel Sites' (Root cause: org.openqa.selenium.ElementNotVisibleException: element not visible
  (Session info: chrome=68.0.3440.106)
  (Driver info: chromedriver=2.35.528157 (4429ca2590d6988c0745c24c8858745aaaec01ef),platform=Mac OS X 10.13.6 x86_64) (WARNING: The server did not provide any stacktrace information)
Command duration or timeout: 0 milliseconds
Build info: version: '3.7.1', revision: '8a0099a', time: '2017-11-06T21:07:36.161Z'
System info: host: 'MacBook-Pro-de-Rodrigo.local', ip: 'fe80:0:0:0:8a3:7a98:20b1:78ae%en0', os.name: 'Mac OS X', os.arch: 'x86_64', os.version: '10.13.6', java.version: '1.8.0_181'
Driver info: com.kms.katalon.selenium.driver.CChromeDriver
Capabilities {acceptInsecureCerts: false, acceptSslCerts: false, applicationCacheEnabled: false, browserConnectionEnabled: false, browserName: chrome, chrome: {chromedriverVersion: 2.35.528157 (4429ca2590d698..., userDataDir: /var/folders/c4/sk2v9nzx6k5...}, cssSelectorsEnabled: true, databaseEnabled: false, handlesAlerts: true, hasTouchScreen: false, javascriptEnabled: true, locationContextEnabled: true, mobileEmulationEnabled: false, nativeEvents: true, networkConnectionEnabled: false, pageLoadStrategy: normal, platform: MAC, platformName: MAC, rotatable: false, setWindowRect: true, takesHeapSnapshot: true, takesScreenshot: true, unexpectedAlertBehaviour: , unhandledPromptBehavior: , version: 68.0.3440.106, webStorageEnabled: true}
Session ID: a7e4d9229db9c1bec98e2cbcd2a00b60)"/>
         <system-out><![CDATA[2018-08-21 17:28:09 - [TEST_CASE][FAILED] - Test Cases/CA_Test_2: Test Cases/CA_Test_2 FAILED because (of) Unable to click on object 'Object Repository/Page_Resources by Topic - ConsumerA/a_Travel Sites' (Root cause: org.openqa.selenium.ElementNotVisibleException: element not visible
  (Session info: chrome=68.0.3440.106)
  (Driver info: chromedriver=2.35.528157 (4429ca2590d6988c0745c24c8858745aaaec01ef),platform=Mac OS X 10.13.6 x86_64) (WARNING: The server did not provide any stacktrace information)
Command duration or timeout: 0 milliseconds
Build info: version: '3.7.1', revision: '8a0099a', time: '2017-11-06T21:07:36.161Z'
System info: host: 'MacBook-Pro-de-Rodrigo.local', ip: 'fe80:0:0:0:8a3:7a98:20b1:78ae%en0', os.name: 'Mac OS X', os.arch: 'x86_64', os.version: '10.13.6', java.version: '1.8.0_181'
Driver info: com.kms.katalon.selenium.driver.CChromeDriver
Capabilities {acceptInsecureCerts: false, acceptSslCerts: false, applicationCacheEnabled: false, browserConnectionEnabled: false, browserName: chrome, chrome: {chromedriverVersion: 2.35.528157 (4429ca2590d698..., userDataDir: /var/folders/c4/sk2v9nzx6k5...}, cssSelectorsEnabled: true, databaseEnabled: false, handlesAlerts: true, hasTouchScreen: false, javascriptEnabled: true, locationContextEnabled: true, mobileEmulationEnabled: false, nativeEvents: true, networkConnectionEnabled: false, pageLoadStrategy: normal, platform: MAC, platformName: MAC, rotatable: false, setWindowRect: true, takesHeapSnapshot: true, takesScreenshot: true, unexpectedAlertBehaviour: , unhandledPromptBehavior: , version: 68.0.3440.106, webStorageEnabled: true}
Session ID: a7e4d9229db9c1bec98e2cbcd2a00b60)

2018-08-21 17:28:10 - [TEST_STEP][PASSED] - openBrowser: Browser is opened with url: ''

2018-08-21 17:28:10 - [MESSAGE][WARNING] - A browser is already opened. Closing browser and opening a new one

2018-08-21 17:28:13 - [MESSAGE][PASSED] - Browser is opened with url: ''

2018-08-21 17:28:13 - [TEST_STEP][PASSED] - navigateToUrl: Navigate to 'https://www.consumeraffairs.com/' successfully

2018-08-21 17:28:16 - [MESSAGE][PASSED] - Navigate to 'https://www.consumeraffairs.com/' successfully

2018-08-21 17:28:16 - [TEST_STEP][PASSED] - click: Object: 'Object Repository/Page_ConsumerAffairs.com Research./a_View our buyers guides' is clicked on

2018-08-21 17:28:20 - [MESSAGE][PASSED] - Object: 'Object Repository/Page_ConsumerAffairs.com Research./a_View our buyers guides' is clicked on

2018-08-21 17:28:20 - [TEST_STEP][PASSED] - click: Object: 'Object Repository/Page_Resources by Topic - ConsumerA/a_TravelSpend less time planni' is clicked on

2018-08-21 17:28:21 - [MESSAGE][PASSED] - Object: 'Object Repository/Page_Resources by Topic - ConsumerA/a_TravelSpend less time planni' is clicked on

2018-08-21 17:28:21 - [TEST_STEP][PASSED] - verifyElementClickable: Object 'Object Repository/Page_Resources by Topic - ConsumerA/a_Travel Sites' is clickable

2018-08-21 17:28:21 - [MESSAGE][PASSED] - Object 'Object Repository/Page_Resources by Topic - ConsumerA/a_Travel Sites' is clickable

2018-08-21 17:28:21 - [TEST_STEP][FAILED] - click: Unable to click on object 'Object Repository/Page_Resources by Topic - ConsumerA/a_Travel Sites' (Root cause: org.openqa.selenium.ElementNotVisibleException: element not visible
  (Session info: chrome=68.0.3440.106)
  (Driver info: chromedriver=2.35.528157 (4429ca2590d6988c0745c24c8858745aaaec01ef),platform=Mac OS X 10.13.6 x86_64) (WARNING: The server did not provide any stacktrace information)
Command duration or timeout: 0 milliseconds
Build info: version: '3.7.1', revision: '8a0099a', time: '2017-11-06T21:07:36.161Z'
System info: host: 'MacBook-Pro-de-Rodrigo.local', ip: 'fe80:0:0:0:8a3:7a98:20b1:78ae%en0', os.name: 'Mac OS X', os.arch: 'x86_64', os.version: '10.13.6', java.version: '1.8.0_181'
Driver info: com.kms.katalon.selenium.driver.CChromeDriver
Capabilities {acceptInsecureCerts: false, acceptSslCerts: false, applicationCacheEnabled: false, browserConnectionEnabled: false, browserName: chrome, chrome: {chromedriverVersion: 2.35.528157 (4429ca2590d698..., userDataDir: /var/folders/c4/sk2v9nzx6k5...}, cssSelectorsEnabled: true, databaseEnabled: false, handlesAlerts: true, hasTouchScreen: false, javascriptEnabled: true, locationContextEnabled: true, mobileEmulationEnabled: false, nativeEvents: true, networkConnectionEnabled: false, pageLoadStrategy: normal, platform: MAC, platformName: MAC, rotatable: false, setWindowRect: true, takesHeapSnapshot: true, takesScreenshot: true, unexpectedAlertBehaviour: , unhandledPromptBehavior: , version: 68.0.3440.106, webStorageEnabled: true}
Session ID: a7e4d9229db9c1bec98e2cbcd2a00b60)

2018-08-21 17:28:23 - [MESSAGE][FAILED] - Unable to click on object 'Object Repository/Page_Resources by Topic - ConsumerA/a_Travel Sites' (Root cause: org.openqa.selenium.ElementNotVisibleException: element not visible
  (Session info: chrome=68.0.3440.106)
  (Driver info: chromedriver=2.35.528157 (4429ca2590d6988c0745c24c8858745aaaec01ef),platform=Mac OS X 10.13.6 x86_64) (WARNING: The server did not provide any stacktrace information)
Command duration or timeout: 0 milliseconds
Build info: version: '3.7.1', revision: '8a0099a', time: '2017-11-06T21:07:36.161Z'
System info: host: 'MacBook-Pro-de-Rodrigo.local', ip: 'fe80:0:0:0:8a3:7a98:20b1:78ae%en0', os.name: 'Mac OS X', os.arch: 'x86_64', os.version: '10.13.6', java.version: '1.8.0_181'
Driver info: com.kms.katalon.selenium.driver.CChromeDriver
Capabilities {acceptInsecureCerts: false, acceptSslCerts: false, applicationCacheEnabled: false, browserConnectionEnabled: false, browserName: chrome, chrome: {chromedriverVersion: 2.35.528157 (4429ca2590d698..., userDataDir: /var/folders/c4/sk2v9nzx6k5...}, cssSelectorsEnabled: true, databaseEnabled: false, handlesAlerts: true, hasTouchScreen: false, javascriptEnabled: true, locationContextEnabled: true, mobileEmulationEnabled: false, nativeEvents: true, networkConnectionEnabled: false, pageLoadStrategy: normal, platform: MAC, platformName: MAC, rotatable: false, setWindowRect: true, takesHeapSnapshot: true, takesScreenshot: true, unexpectedAlertBehaviour: , unhandledPromptBehavior: , version: 68.0.3440.106, webStorageEnabled: true}
Session ID: a7e4d9229db9c1bec98e2cbcd2a00b60)
[[ATTACHMENT|/Users/rodrigodavila/Katalon Studio/TestProject1/Reports/CA_Suite_1/20180821_172739/1534883301985.png]]]]></system-out>
         <system-err><![CDATA[2018-08-21 17:28:09 - [TEST_CASE][FAILED] - Test Cases/CA_Test_2: Test Cases/CA_Test_2 FAILED because (of) Unable to click on object 'Object Repository/Page_Resources by Topic - ConsumerA/a_Travel Sites' (Root cause: org.openqa.selenium.ElementNotVisibleException: element not visible
  (Session info: chrome=68.0.3440.106)
  (Driver info: chromedriver=2.35.528157 (4429ca2590d6988c0745c24c8858745aaaec01ef),platform=Mac OS X 10.13.6 x86_64) (WARNING: The server did not provide any stacktrace information)
Command duration or timeout: 0 milliseconds
Build info: version: '3.7.1', revision: '8a0099a', time: '2017-11-06T21:07:36.161Z'
System info: host: 'MacBook-Pro-de-Rodrigo.local', ip: 'fe80:0:0:0:8a3:7a98:20b1:78ae%en0', os.name: 'Mac OS X', os.arch: 'x86_64', os.version: '10.13.6', java.version: '1.8.0_181'
Driver info: com.kms.katalon.selenium.driver.CChromeDriver
Capabilities {acceptInsecureCerts: false, acceptSslCerts: false, applicationCacheEnabled: false, browserConnectionEnabled: false, browserName: chrome, chrome: {chromedriverVersion: 2.35.528157 (4429ca2590d698..., userDataDir: /var/folders/c4/sk2v9nzx6k5...}, cssSelectorsEnabled: true, databaseEnabled: false, handlesAlerts: true, hasTouchScreen: false, javascriptEnabled: true, locationContextEnabled: true, mobileEmulationEnabled: false, nativeEvents: true, networkConnectionEnabled: false, pageLoadStrategy: normal, platform: MAC, platformName: MAC, rotatable: false, setWindowRect: true, takesHeapSnapshot: true, takesScreenshot: true, unexpectedAlertBehaviour: , unhandledPromptBehavior: , version: 68.0.3440.106, webStorageEnabled: true}
Session ID: a7e4d9229db9c1bec98e2cbcd2a00b60)]]></system-err>
      </testcase>
      <testcase name="Test Cases/CA_Test_3" classname="Test Cases/CA_Test_3" status="PASSED">
         <system-out><![CDATA[2018-08-21 17:28:23 - [TEST_CASE][PASSED] - Test Cases/CA_Test_3: Test Cases/CA_Test_3

2018-08-21 17:28:24 - [TEST_STEP][PASSED] - openBrowser: Browser is opened with url: ''

2018-08-21 17:28:24 - [MESSAGE][WARNING] - A browser is already opened. Closing browser and opening a new one

2018-08-21 17:28:27 - [MESSAGE][PASSED] - Browser is opened with url: ''

2018-08-21 17:28:27 - [TEST_STEP][PASSED] - navigateToUrl: Navigate to 'https://www.consumeraffairs.com/' successfully

2018-08-21 17:28:32 - [MESSAGE][PASSED] - Navigate to 'https://www.consumeraffairs.com/' successfully

2018-08-21 17:28:32 - [TEST_STEP][PASSED] - click: Object: 'Object Repository/Page_ConsumerAffairs.com Research./Log_in' is clicked on

2018-08-21 17:28:35 - [MESSAGE][PASSED] - Object: 'Object Repository/Page_ConsumerAffairs.com Research./Log_in' is clicked on]]></system-out>
         <system-err><![CDATA[]]></system-err>
      </testcase>
      <testcase name="Test Cases/CA_Test_4" classname="Test Cases/CA_Test_4" status="PASSED">
         <system-out><![CDATA[2018-08-21 17:28:35 - [TEST_CASE][PASSED] - Test Cases/CA_Test_4: Test Cases/CA_Test_4

2018-08-21 17:28:36 - [TEST_STEP][PASSED] - openBrowser: Browser is opened with url: ''

2018-08-21 17:28:36 - [MESSAGE][WARNING] - A browser is already opened. Closing browser and opening a new one

2018-08-21 17:28:38 - [MESSAGE][PASSED] - Browser is opened with url: ''

2018-08-21 17:28:38 - [TEST_STEP][PASSED] - navigateToUrl: Navigate to 'https://www.consumeraffairs.com/' successfully

2018-08-21 17:28:43 - [MESSAGE][PASSED] - Navigate to 'https://www.consumeraffairs.com/' successfully

2018-08-21 17:28:43 - [TEST_STEP][PASSED] - click: Object: 'Object Repository/Page_ConsumerAffairs.com Research./a_News' is clicked on

2018-08-21 17:28:46 - [MESSAGE][PASSED] - Object: 'Object Repository/Page_ConsumerAffairs.com Research./a_News' is clicked on

2018-08-21 17:28:46 - [TEST_STEP][PASSED] - click: Object: 'Object Repository/Page_Consumer News/a_Buyers Guides' is clicked on

2018-08-21 17:28:48 - [MESSAGE][PASSED] - Object: 'Object Repository/Page_Consumer News/a_Buyers Guides' is clicked on

2018-08-21 17:28:48 - [TEST_STEP][PASSED] - click: Object: 'Object Repository/Page_Resources by Topic - ConsumerA/button_Write a review' is clicked on

2018-08-21 17:28:50 - [MESSAGE][PASSED] - Object: 'Object Repository/Page_Resources by Topic - ConsumerA/button_Write a review' is clicked on

2018-08-21 17:28:50 - [TEST_STEP][PASSED] - click: Object: 'Object Repository/Page_ConsumerAffairs.com Research./Log_in' is clicked on

2018-08-21 17:28:53 - [MESSAGE][PASSED] - Object: 'Object Repository/Page_ConsumerAffairs.com Research./Log_in' is clicked on]]></system-out>
         <system-err><![CDATA[]]></system-err>
      </testcase>
      <testcase name="Test Cases/CA_Test_5" classname="Test Cases/CA_Test_5" status="PASSED">
         <system-out><![CDATA[2018-08-21 17:28:53 - [TEST_CASE][PASSED] - Test Cases/CA_Test_5: Test Cases/CA_Test_5

2018-08-21 17:28:54 - [TEST_STEP][PASSED] - openBrowser: Browser is opened with url: ''

2018-08-21 17:28:54 - [MESSAGE][WARNING] - A browser is already opened. Closing browser and opening a new one

2018-08-21 17:28:57 - [MESSAGE][PASSED] - Browser is opened with url: ''

2018-08-21 17:28:57 - [TEST_STEP][PASSED] - navigateToUrl: Navigate to 'https://www.consumeraffairs.com/' successfully

2018-08-21 17:29:03 - [MESSAGE][PASSED] - Navigate to 'https://www.consumeraffairs.com/' successfully

2018-08-21 17:29:03 - [TEST_STEP][PASSED] - setText: Text 'dog food' is set on object 'Object Repository/Page_ConsumerAffairs.com Research./home_search'

2018-08-21 17:29:04 - [MESSAGE][PASSED] - Text 'dog food' is set on object 'Object Repository/Page_ConsumerAffairs.com Research./home_search'

2018-08-21 17:29:04 - [TEST_STEP][PASSED] - sendKeys: Keys 'ENTER + ' sent to object: 'Object Repository/Page_ConsumerAffairs.com Research./home_search'

2018-08-21 17:29:08 - [MESSAGE][PASSED] - Keys 'ENTER + ' sent to object: 'Object Repository/Page_ConsumerAffairs.com Research./home_search']]></system-out>
         <system-err><![CDATA[]]></system-err>
      </testcase>
      <testcase name="Test Cases/CA_Test_6" classname="Test Cases/CA_Test_6" status="PASSED">
         <system-out><![CDATA[2018-08-21 17:29:08 - [TEST_CASE][PASSED] - Test Cases/CA_Test_6: Test Cases/CA_Test_6

2018-08-21 17:29:09 - [TEST_STEP][PASSED] - openBrowser: Browser is opened with url: ''

2018-08-21 17:29:09 - [MESSAGE][WARNING] - A browser is already opened. Closing browser and opening a new one

2018-08-21 17:29:12 - [MESSAGE][PASSED] - Browser is opened with url: ''

2018-08-21 17:29:12 - [TEST_STEP][PASSED] - navigateToUrl: Navigate to 'https://www.consumeraffairs.com/' successfully

2018-08-21 17:29:16 - [MESSAGE][PASSED] - Navigate to 'https://www.consumeraffairs.com/' successfully

2018-08-21 17:29:16 - [TEST_STEP][PASSED] - click: Object: 'Object Repository/Page_ConsumerAffairs.com Research./a_News' is clicked on

2018-08-21 17:29:19 - [MESSAGE][PASSED] - Object: 'Object Repository/Page_ConsumerAffairs.com Research./a_News' is clicked on]]></system-out>
         <system-err><![CDATA[]]></system-err>
      </testcase>
      <system-out><![CDATA[2018-08-21 17:27:45 - [TEST_SUITE][FAILED] - CA_Suite_1: Test Cases/CA_Test_2 FAILED because (of) Unable to click on object 'Object Repository/Page_Resources by Topic - ConsumerA/a_Travel Sites' (Root cause: org.openqa.selenium.ElementNotVisibleException: element not visible
  (Session info: chrome=68.0.3440.106)
  (Driver info: chromedriver=2.35.528157 (4429ca2590d6988c0745c24c8858745aaaec01ef),platform=Mac OS X 10.13.6 x86_64) (WARNING: The server did not provide any stacktrace information)
Command duration or timeout: 0 milliseconds
Build info: version: '3.7.1', revision: '8a0099a', time: '2017-11-06T21:07:36.161Z'
System info: host: 'MacBook-Pro-de-Rodrigo.local', ip: 'fe80:0:0:0:8a3:7a98:20b1:78ae%en0', os.name: 'Mac OS X', os.arch: 'x86_64', os.version: '10.13.6', java.version: '1.8.0_181'
Driver info: com.kms.katalon.selenium.driver.CChromeDriver
Capabilities {acceptInsecureCerts: false, acceptSslCerts: false, applicationCacheEnabled: false, browserConnectionEnabled: false, browserName: chrome, chrome: {chromedriverVersion: 2.35.528157 (4429ca2590d698..., userDataDir: /var/folders/c4/sk2v9nzx6k5...}, cssSelectorsEnabled: true, databaseEnabled: false, handlesAlerts: true, hasTouchScreen: false, javascriptEnabled: true, locationContextEnabled: true, mobileEmulationEnabled: false, nativeEvents: true, networkConnectionEnabled: false, pageLoadStrategy: normal, platform: MAC, platformName: MAC, rotatable: false, setWindowRect: true, takesHeapSnapshot: true, takesScreenshot: true, unexpectedAlertBehaviour: , unhandledPromptBehavior: , version: 68.0.3440.106, webStorageEnabled: true}
Session ID: a7e4d9229db9c1bec98e2cbcd2a00b60)]]></system-out>
      <system-err><![CDATA[2018-08-21 17:27:45 - [TEST_SUITE][FAILED] - CA_Suite_1: Test Cases/CA_Test_2 FAILED because (of) Unable to click on object 'Object Repository/Page_Resources by Topic - ConsumerA/a_Travel Sites' (Root cause: org.openqa.selenium.ElementNotVisibleException: element not visible
  (Session info: chrome=68.0.3440.106)
  (Driver info: chromedriver=2.35.528157 (4429ca2590d6988c0745c24c8858745aaaec01ef),platform=Mac OS X 10.13.6 x86_64) (WARNING: The server did not provide any stacktrace information)
Command duration or timeout: 0 milliseconds
Build info: version: '3.7.1', revision: '8a0099a', time: '2017-11-06T21:07:36.161Z'
System info: host: 'MacBook-Pro-de-Rodrigo.local', ip: 'fe80:0:0:0:8a3:7a98:20b1:78ae%en0', os.name: 'Mac OS X', os.arch: 'x86_64', os.version: '10.13.6', java.version: '1.8.0_181'
Driver info: com.kms.katalon.selenium.driver.CChromeDriver
Capabilities {acceptInsecureCerts: false, acceptSslCerts: false, applicationCacheEnabled: false, browserConnectionEnabled: false, browserName: chrome, chrome: {chromedriverVersion: 2.35.528157 (4429ca2590d698..., userDataDir: /var/folders/c4/sk2v9nzx6k5...}, cssSelectorsEnabled: true, databaseEnabled: false, handlesAlerts: true, hasTouchScreen: false, javascriptEnabled: true, locationContextEnabled: true, mobileEmulationEnabled: false, nativeEvents: true, networkConnectionEnabled: false, pageLoadStrategy: normal, platform: MAC, platformName: MAC, rotatable: false, setWindowRect: true, takesHeapSnapshot: true, takesScreenshot: true, unexpectedAlertBehaviour: , unhandledPromptBehavior: , version: 68.0.3440.106, webStorageEnabled: true}
Session ID: a7e4d9229db9c1bec98e2cbcd2a00b60)]]></system-err>
   </testsuite>
</testsuites>
