<?xml version="1.0" encoding="UTF-8"?>
<testsuites name="CA_Suite_1" time="75" tests="5" failures="1" errors="0">
   <testsuite name="CA_Suite_1" tests="5" failures="1" errors="0" time="75" timestamp="2018-08-21 14:41:06" hostname="rodrigodavila - 192.168.1.70" id="Test Suites/CA_Suite_1">
      <properties>
         <property name="deviceName" value=""/>
         <property name="devicePlatform" value=""/>
         <property name="logFolder" value="/Users/rodrigodavila/Katalon Studio/TestProject1/Reports/CA_Suite_1/20180821_144103"/>
         <property name="logFiles" value="/Users/rodrigodavila/Katalon Studio/TestProject1/Reports/CA_Suite_1/20180821_144103/execution0.log"/>
         <property name="attachments" value="/Users/rodrigodavila/Katalon Studio/TestProject1/Reports/CA_Suite_1/20180821_144103/1534873328784.png"/>
         <property name="hostName" value="rodrigodavila - 192.168.1.70"/>
         <property name="os" value="Mac OS X 64bit"/>
         <property name="katalonVersion" value="5.6.0.1"/>
         <property name="browser" value="Chrome 68.0.3440.106"/>
         <property name="hostAddress" value="192.168.1.70"/>
         <property name="sessionId" value="9442800afb93ce5319e75a111706ff8d"/>
         <property name="seleniumVersion" value="3.7.1"/>
         <property name="proxyInformation" value="ProxyInformation{proxyOption=NO_PROXY, proxyServerType=HTTP, password=, proxyServerAddress=, proxyServerPort=0}"/>
         <property name="platform" value="Mac OS X"/>
      </properties>
      <testcase name="Test Cases/CA_Test_1" classname="Test Cases/CA_Test_1" status="PASSED">
         <system-out><![CDATA[2018-08-21 14:41:07 - [TEST_CASE][PASSED] - Test Cases/CA_Test_1: Test Cases/CA_Test_1

2018-08-21 14:41:07 - [TEST_STEP][PASSED] - openBrowser: Browser is opened with url: ''

2018-08-21 14:41:11 - [MESSAGE][PASSED] - Browser is opened with url: ''

2018-08-21 14:41:11 - [TEST_STEP][PASSED] - navigateToUrl: Navigate to 'https://www.consumeraffairs.com/' successfully

2018-08-21 14:41:13 - [MESSAGE][PASSED] - Navigate to 'https://www.consumeraffairs.com/' successfully

2018-08-21 14:41:13 - [TEST_STEP][PASSED] - click: Object: 'Object Repository/Page_ConsumerAffairs.com Research./div_Dog Food' is clicked on

2018-08-21 14:41:15 - [MESSAGE][PASSED] - Object: 'Object Repository/Page_ConsumerAffairs.com Research./div_Dog Food' is clicked on

2018-08-21 14:41:15 - [TEST_STEP][PASSED] - verifyElementClickable: Object 'Object Repository/Page_Best Dog Food  ConsumerAffairs/a_Visit Website' is clickable

2018-08-21 14:41:16 - [MESSAGE][PASSED] - Object 'Object Repository/Page_Best Dog Food  ConsumerAffairs/a_Visit Website' is clickable

2018-08-21 14:41:16 - [TEST_STEP][PASSED] - click: Object: 'Object Repository/Page_Best Dog Food  ConsumerAffairs/a_Visit Website' is clicked on

2018-08-21 14:41:16 - [MESSAGE][PASSED] - Object: 'Object Repository/Page_Best Dog Food  ConsumerAffairs/a_Visit Website' is clicked on]]></system-out>
         <system-err><![CDATA[]]></system-err>
      </testcase>
      <testcase name="Test Cases/CA_Test_2" classname="Test Cases/CA_Test_2" status="PASSED">
         <system-out><![CDATA[2018-08-21 14:41:16 - [TEST_CASE][PASSED] - Test Cases/CA_Test_2: Test Cases/CA_Test_2

2018-08-21 14:41:16 - [TEST_STEP][PASSED] - openBrowser: Browser is opened with url: ''

2018-08-21 14:41:16 - [MESSAGE][WARNING] - A browser is already opened. Closing browser and opening a new one

2018-08-21 14:41:18 - [MESSAGE][PASSED] - Browser is opened with url: ''

2018-08-21 14:41:18 - [TEST_STEP][PASSED] - navigateToUrl: Navigate to 'https://www.consumeraffairs.com/' successfully

2018-08-21 14:41:20 - [MESSAGE][PASSED] - Navigate to 'https://www.consumeraffairs.com/' successfully

2018-08-21 14:41:20 - [TEST_STEP][PASSED] - click: Object: 'Object Repository/Page_ConsumerAffairs.com Research./a_View our buyers guides' is clicked on

2018-08-21 14:41:21 - [MESSAGE][PASSED] - Object: 'Object Repository/Page_ConsumerAffairs.com Research./a_View our buyers guides' is clicked on

2018-08-21 14:41:21 - [TEST_STEP][PASSED] - click: Object: 'Object Repository/Page_Resources by Topic - ConsumerA/a_TravelSpend less time planni' is clicked on

2018-08-21 14:41:21 - [MESSAGE][PASSED] - Object: 'Object Repository/Page_Resources by Topic - ConsumerA/a_TravelSpend less time planni' is clicked on

2018-08-21 14:41:21 - [TEST_STEP][PASSED] - verifyElementClickable: Object 'Object Repository/Page_Resources by Topic - ConsumerA/a_Travel Sites' is clickable

2018-08-21 14:41:21 - [MESSAGE][PASSED] - Object 'Object Repository/Page_Resources by Topic - ConsumerA/a_Travel Sites' is clickable

2018-08-21 14:41:21 - [TEST_STEP][PASSED] - click: Object: 'Object Repository/Page_Resources by Topic - ConsumerA/a_Travel Sites' is clicked on

2018-08-21 14:41:23 - [MESSAGE][PASSED] - Object: 'Object Repository/Page_Resources by Topic - ConsumerA/a_Travel Sites' is clicked on]]></system-out>
         <system-err><![CDATA[]]></system-err>
      </testcase>
      <testcase name="Test Cases/CA_Test_3" classname="Test Cases/CA_Test_3" status="PASSED">
         <system-out><![CDATA[2018-08-21 14:41:23 - [TEST_CASE][PASSED] - Test Cases/CA_Test_3: Test Cases/CA_Test_3

2018-08-21 14:41:23 - [TEST_STEP][PASSED] - openBrowser: Browser is opened with url: ''

2018-08-21 14:41:23 - [MESSAGE][WARNING] - A browser is already opened. Closing browser and opening a new one

2018-08-21 14:41:25 - [MESSAGE][PASSED] - Browser is opened with url: ''

2018-08-21 14:41:25 - [TEST_STEP][PASSED] - navigateToUrl: Navigate to 'https://www.consumeraffairs.com/' successfully

2018-08-21 14:41:27 - [MESSAGE][PASSED] - Navigate to 'https://www.consumeraffairs.com/' successfully

2018-08-21 14:41:27 - [TEST_STEP][PASSED] - click: Object: 'Object Repository/Page_ConsumerAffairs.com Research./Log_in' is clicked on

2018-08-21 14:41:29 - [MESSAGE][PASSED] - Object: 'Object Repository/Page_ConsumerAffairs.com Research./Log_in' is clicked on]]></system-out>
         <system-err><![CDATA[]]></system-err>
      </testcase>
      <testcase name="Test Cases/CA_Test_4" classname="Test Cases/CA_Test_4" status="FAILED">
         <failure type="FAILED" message="Unable to click on object 'Object Repository/Page_Write a Review/header_Menu Consumer NewsBuyer' (Root cause: com.kms.katalon.core.webui.exception.WebElementNotFoundException: Web element with id: 'Object Repository/Page_Write a Review/header_Menu Consumer NewsBuyer' located by 'By.xpath: //header[(text() = '
            Menu Consumer NewsBuyers GuidesWrite a reviewSearch
    

    
    Log in

    
        ' or . = '
            Menu Consumer NewsBuyers GuidesWrite a reviewSearch
    

    
    Log in

    
        ')]' not found)"/>
         <system-out><![CDATA[2018-08-21 14:41:29 - [TEST_CASE][FAILED] - Test Cases/CA_Test_4: Test Cases/CA_Test_4 FAILED because (of) Unable to click on object 'Object Repository/Page_Write a Review/header_Menu Consumer NewsBuyer' (Root cause: com.kms.katalon.core.webui.exception.WebElementNotFoundException: Web element with id: 'Object Repository/Page_Write a Review/header_Menu Consumer NewsBuyer' located by 'By.xpath: //header[(text() = '
            Menu Consumer NewsBuyers GuidesWrite a reviewSearch
    

    
    Log in

    
        ' or . = '
            Menu Consumer NewsBuyers GuidesWrite a reviewSearch
    

    
    Log in

    
        ')]' not found)

2018-08-21 14:41:29 - [TEST_STEP][PASSED] - openBrowser: Browser is opened with url: ''

2018-08-21 14:41:29 - [MESSAGE][WARNING] - A browser is already opened. Closing browser and opening a new one

2018-08-21 14:41:30 - [MESSAGE][PASSED] - Browser is opened with url: ''

2018-08-21 14:41:30 - [TEST_STEP][PASSED] - navigateToUrl: Navigate to 'https://www.consumeraffairs.com/' successfully

2018-08-21 14:41:32 - [MESSAGE][PASSED] - Navigate to 'https://www.consumeraffairs.com/' successfully

2018-08-21 14:41:32 - [TEST_STEP][PASSED] - click: Object: 'Object Repository/Page_ConsumerAffairs.com Research./a_News' is clicked on

2018-08-21 14:41:34 - [MESSAGE][PASSED] - Object: 'Object Repository/Page_ConsumerAffairs.com Research./a_News' is clicked on

2018-08-21 14:41:34 - [TEST_STEP][PASSED] - click: Object: 'Object Repository/Page_Consumer News/a_Buyers Guides' is clicked on

2018-08-21 14:41:36 - [MESSAGE][PASSED] - Object: 'Object Repository/Page_Consumer News/a_Buyers Guides' is clicked on

2018-08-21 14:41:36 - [TEST_STEP][PASSED] - click: Object: 'Object Repository/Page_Resources by Topic - ConsumerA/button_Write a review' is clicked on

2018-08-21 14:41:37 - [MESSAGE][PASSED] - Object: 'Object Repository/Page_Resources by Topic - ConsumerA/button_Write a review' is clicked on

2018-08-21 14:41:37 - [TEST_STEP][FAILED] - click: Unable to click on object 'Object Repository/Page_Write a Review/header_Menu Consumer NewsBuyer' (Root cause: com.kms.katalon.core.webui.exception.WebElementNotFoundException: Web element with id: 'Object Repository/Page_Write a Review/header_Menu Consumer NewsBuyer' located by 'By.xpath: //header[(text() = '
            Menu Consumer NewsBuyers GuidesWrite a reviewSearch
    

    
    Log in

    
        ' or . = '
            Menu Consumer NewsBuyers GuidesWrite a reviewSearch
    

    
    Log in

    
        ')]' not found)

2018-08-21 14:42:09 - [MESSAGE][FAILED] - Unable to click on object 'Object Repository/Page_Write a Review/header_Menu Consumer NewsBuyer' (Root cause: com.kms.katalon.core.webui.exception.WebElementNotFoundException: Web element with id: 'Object Repository/Page_Write a Review/header_Menu Consumer NewsBuyer' located by 'By.xpath: //header[(text() = '
            Menu Consumer NewsBuyers GuidesWrite a reviewSearch
    

    
    Log in

    
        ' or . = '
            Menu Consumer NewsBuyers GuidesWrite a reviewSearch
    

    
    Log in

    
        ')]' not found)
[[ATTACHMENT|/Users/rodrigodavila/Katalon Studio/TestProject1/Reports/CA_Suite_1/20180821_144103/1534873328784.png]]]]></system-out>
         <system-err><![CDATA[2018-08-21 14:41:29 - [TEST_CASE][FAILED] - Test Cases/CA_Test_4: Test Cases/CA_Test_4 FAILED because (of) Unable to click on object 'Object Repository/Page_Write a Review/header_Menu Consumer NewsBuyer' (Root cause: com.kms.katalon.core.webui.exception.WebElementNotFoundException: Web element with id: 'Object Repository/Page_Write a Review/header_Menu Consumer NewsBuyer' located by 'By.xpath: //header[(text() = '
            Menu Consumer NewsBuyers GuidesWrite a reviewSearch
    

    
    Log in

    
        ' or . = '
            Menu Consumer NewsBuyers GuidesWrite a reviewSearch
    

    
    Log in

    
        ')]' not found)]]></system-err>
      </testcase>
      <testcase name="Test Cases/CA_Test_5" classname="Test Cases/CA_Test_5" status="PASSED">
         <system-out><![CDATA[2018-08-21 14:42:09 - [TEST_CASE][PASSED] - Test Cases/CA_Test_5: Test Cases/CA_Test_5

2018-08-21 14:42:09 - [TEST_STEP][PASSED] - openBrowser: Browser is opened with url: ''

2018-08-21 14:42:09 - [MESSAGE][WARNING] - A browser is already opened. Closing browser and opening a new one

2018-08-21 14:42:10 - [MESSAGE][PASSED] - Browser is opened with url: ''

2018-08-21 14:42:10 - [TEST_STEP][PASSED] - navigateToUrl: Navigate to 'https://www.consumeraffairs.com/' successfully

2018-08-21 14:42:13 - [MESSAGE][PASSED] - Navigate to 'https://www.consumeraffairs.com/' successfully

2018-08-21 14:42:13 - [TEST_STEP][PASSED] - setText: Text 'dog food' is set on object 'Object Repository/Page_ConsumerAffairs.com Research./home_search'

2018-08-21 14:42:13 - [MESSAGE][PASSED] - Text 'dog food' is set on object 'Object Repository/Page_ConsumerAffairs.com Research./home_search'

2018-08-21 14:42:13 - [TEST_STEP][PASSED] - sendKeys: Keys 'ENTER + ' sent to object: 'Object Repository/Page_ConsumerAffairs.com Research./home_search'

2018-08-21 14:42:15 - [MESSAGE][PASSED] - Keys 'ENTER + ' sent to object: 'Object Repository/Page_ConsumerAffairs.com Research./home_search']]></system-out>
         <system-err><![CDATA[]]></system-err>
      </testcase>
      <testcase name="Test Cases/CA_Test_6" classname="Test Cases/CA_Test_6" status="PASSED">
         <system-out><![CDATA[2018-08-21 14:42:16 - [TEST_CASE][PASSED] - Test Cases/CA_Test_6: Test Cases/CA_Test_6

2018-08-21 14:42:16 - [TEST_STEP][PASSED] - openBrowser: Browser is opened with url: ''

2018-08-21 14:42:16 - [MESSAGE][WARNING] - A browser is already opened. Closing browser and opening a new one

2018-08-21 14:42:17 - [MESSAGE][PASSED] - Browser is opened with url: ''

2018-08-21 14:42:17 - [TEST_STEP][PASSED] - navigateToUrl: Navigate to 'https://www.consumeraffairs.com/' successfully

2018-08-21 14:42:19 - [MESSAGE][PASSED] - Navigate to 'https://www.consumeraffairs.com/' successfully

2018-08-21 14:42:19 - [TEST_STEP][PASSED] - click: Object: 'Object Repository/Page_ConsumerAffairs.com Research./a_News' is clicked on

2018-08-21 14:42:21 - [MESSAGE][PASSED] - Object: 'Object Repository/Page_ConsumerAffairs.com Research./a_News' is clicked on]]></system-out>
         <system-err><![CDATA[]]></system-err>
      </testcase>
      <system-out><![CDATA[2018-08-21 14:41:06 - [TEST_SUITE][FAILED] - CA_Suite_1: Test Cases/CA_Test_4 FAILED because (of) Unable to click on object 'Object Repository/Page_Write a Review/header_Menu Consumer NewsBuyer' (Root cause: com.kms.katalon.core.webui.exception.WebElementNotFoundException: Web element with id: 'Object Repository/Page_Write a Review/header_Menu Consumer NewsBuyer' located by 'By.xpath: //header[(text() = '
            Menu Consumer NewsBuyers GuidesWrite a reviewSearch
    

    
    Log in

    
        ' or . = '
            Menu Consumer NewsBuyers GuidesWrite a reviewSearch
    

    
    Log in

    
        ')]' not found)]]></system-out>
      <system-err><![CDATA[2018-08-21 14:41:06 - [TEST_SUITE][FAILED] - CA_Suite_1: Test Cases/CA_Test_4 FAILED because (of) Unable to click on object 'Object Repository/Page_Write a Review/header_Menu Consumer NewsBuyer' (Root cause: com.kms.katalon.core.webui.exception.WebElementNotFoundException: Web element with id: 'Object Repository/Page_Write a Review/header_Menu Consumer NewsBuyer' located by 'By.xpath: //header[(text() = '
            Menu Consumer NewsBuyers GuidesWrite a reviewSearch
    

    
    Log in

    
        ' or . = '
            Menu Consumer NewsBuyers GuidesWrite a reviewSearch
    

    
    Log in

    
        ')]' not found)]]></system-err>
   </testsuite>
</testsuites>
